2025-05-23 18:06:12,387 [INFO] 网络入侵检测与防御系统启动中...
2025-05-23 18:06:12,391 [INFO]  * Restarting with stat
2025-05-23 18:06:13,416 [INFO] 网络入侵检测与防御系统启动中...
2025-05-23 18:06:13,421 [WARNING]  * Debugger is active!
2025-05-23 18:06:13,428 [INFO]  * Debugger PIN: 135-649-420
2025-05-23 18:06:16,110 [INFO] 客户端已连接: nhbEK2_WV8_aJDKAAAAB
2025-05-23 18:06:18,274 [INFO] 客户端已断开连接: nhbEK2_WV8_aJDKAAAAB
2025-05-24 15:25:47,401 [INFO] 网络入侵检测与防御系统启动中...
2025-05-24 15:25:47,415 [INFO]  * Restarting with stat
2025-05-24 15:25:48,394 [INFO] 网络入侵检测与防御系统启动中...
2025-05-24 15:25:48,399 [WARNING]  * Debugger is active!
2025-05-24 15:25:48,407 [INFO]  * Debugger PIN: 135-649-420
2025-05-24 15:25:51,828 [INFO] 客户端已连接: gEMBy0dHyUbxhfhhAAAB
2025-05-24 15:26:11,931 [INFO] 流量捕获已启动，监听接口: 所有
2025-05-24 15:26:11,935 [INFO] 入侵防御已启动，模式: auto
2025-05-24 15:26:11,935 [INFO] 告警系统已启动
2025-05-24 15:26:11,935 [INFO] 系统已启动
2025-05-24 15:26:11,935 [INFO] 网络监控已启动
2025-05-24 15:26:12,939 [INFO] 已保存监控数据到 data/monitoring/monitoring_20250524_152612.json
2025-05-24 15:26:13,941 [INFO] 已保存监控数据到 data/monitoring/monitoring_20250524_152613.json
2025-05-24 15:26:14,942 [INFO] 已保存监控数据到 data/monitoring/monitoring_20250524_152614.json
2025-05-24 15:26:15,943 [INFO] 已保存监控数据到 data/monitoring/monitoring_20250524_152615.json
2025-05-24 15:26:16,937 [INFO] 检测到威胁: 端口扫描, 来源: 192.168.1.147, 严重性: 中, 操作: 监控
2025-05-24 15:26:16,947 [INFO] 已保存监控数据到 data/monitoring/monitoring_20250524_152616.json
2025-05-24 15:26:17,948 [INFO] 已保存监控数据到 data/monitoring/monitoring_20250524_152617.json
2025-05-24 15:26:18,950 [INFO] 已保存监控数据到 data/monitoring/monitoring_20250524_152618.json
2025-05-24 15:26:19,954 [INFO] 已保存监控数据到 data/monitoring/monitoring_20250524_152619.json
2025-05-24 15:26:20,956 [INFO] 已保存监控数据到 data/monitoring/monitoring_20250524_152620.json
2025-05-24 15:26:21,958 [INFO] 已保存监控数据到 data/monitoring/monitoring_20250524_152621.json
2025-05-24 15:26:22,959 [INFO] 已保存监控数据到 data/monitoring/monitoring_20250524_152622.json
2025-05-24 15:26:23,601 [INFO] 客户端已连接: wUpEo-lgJzhXL9iQAAAD
2025-05-24 15:26:23,963 [INFO] 已保存监控数据到 data/monitoring/monitoring_20250524_152623.json
2025-05-24 15:26:24,965 [INFO] 已保存监控数据到 data/monitoring/monitoring_20250524_152624.json
2025-05-24 15:26:25,966 [INFO] 已保存监控数据到 data/monitoring/monitoring_20250524_152625.json
2025-05-24 15:26:26,968 [INFO] 已保存监控数据到 data/monitoring/monitoring_20250524_152626.json
2025-05-24 15:26:27,971 [INFO] 已保存监控数据到 data/monitoring/monitoring_20250524_152627.json
2025-05-24 15:26:28,974 [INFO] 已保存监控数据到 data/monitoring/monitoring_20250524_152628.json
2025-05-24 15:26:29,976 [INFO] 已保存监控数据到 data/monitoring/monitoring_20250524_152629.json
2025-05-24 15:26:30,978 [INFO] 已保存监控数据到 data/monitoring/monitoring_20250524_152630.json
2025-05-24 15:26:31,980 [INFO] 已保存监控数据到 data/monitoring/monitoring_20250524_152631.json
2025-05-24 15:26:32,679 [INFO] 已保存流量数据到 data/traffic/traffic_20250524_152632.json，共 1000 条记录
2025-05-24 15:26:32,981 [INFO] 已保存监控数据到 data/monitoring/monitoring_20250524_152632.json
2025-05-24 15:26:33,985 [INFO] 已保存监控数据到 data/monitoring/monitoring_20250524_152633.json
2025-05-24 15:26:34,987 [INFO] 已保存监控数据到 data/monitoring/monitoring_20250524_152634.json
2025-05-24 15:26:35,615 [INFO] 已保存流量数据到 data/traffic/traffic_20250524_152635.json，共 1000 条记录
2025-05-24 15:26:35,988 [INFO] 已保存监控数据到 data/monitoring/monitoring_20250524_152635.json
2025-05-24 15:26:36,936 [INFO] 客户端已断开连接: gEMBy0dHyUbxhfhhAAAB
2025-05-24 15:26:36,995 [INFO] 已保存监控数据到 data/monitoring/monitoring_20250524_152636.json
2025-05-24 15:26:37,997 [INFO] 已保存监控数据到 data/monitoring/monitoring_20250524_152637.json
2025-05-24 15:26:39,001 [INFO] 已保存监控数据到 data/monitoring/monitoring_20250524_152639.json
2025-05-24 15:26:39,939 [INFO] 已保存流量数据到 data/traffic/traffic_20250524_152639.json，共 1000 条记录
2025-05-24 15:26:40,004 [INFO] 已保存监控数据到 data/monitoring/monitoring_20250524_152640.json
2025-05-24 15:26:41,007 [INFO] 已保存监控数据到 data/monitoring/monitoring_20250524_152641.json
2025-05-24 15:26:42,010 [INFO] 已保存监控数据到 data/monitoring/monitoring_20250524_152642.json
2025-05-24 15:26:43,012 [INFO] 已保存监控数据到 data/monitoring/monitoring_20250524_152643.json
2025-05-24 15:26:44,018 [INFO] 已保存监控数据到 data/monitoring/monitoring_20250524_152644.json
2025-05-24 15:26:44,813 [INFO] 客户端已连接: lpRMANCl2QXfM91vAAAF
2025-05-24 15:26:45,023 [INFO] 已保存监控数据到 data/monitoring/monitoring_20250524_152645.json
2025-05-24 15:26:46,028 [INFO] 已保存监控数据到 data/monitoring/monitoring_20250524_152646.json
2025-05-24 15:26:46,275 [INFO] 已保存流量数据到 data/traffic/traffic_20250524_152646.json，共 1000 条记录
2025-05-24 15:26:47,031 [INFO] 已保存监控数据到 data/monitoring/monitoring_20250524_152647.json
2025-05-24 15:26:48,033 [INFO] 已保存监控数据到 data/monitoring/monitoring_20250524_152648.json
2025-05-24 15:26:49,034 [INFO] 已保存监控数据到 data/monitoring/monitoring_20250524_152649.json
2025-05-24 15:26:50,036 [INFO] 已保存监控数据到 data/monitoring/monitoring_20250524_152650.json
2025-05-24 15:26:51,038 [INFO] 已保存监控数据到 data/monitoring/monitoring_20250524_152651.json
2025-05-24 15:26:51,215 [INFO] 已保存流量数据到 data/traffic/traffic_20250524_152651.json，共 1000 条记录
2025-05-24 15:26:51,943 [INFO] 处理告警: DDoS攻击, 严重性: 高, 来源: 192.168.1.87
2025-05-24 15:26:52,042 [INFO] 已保存监控数据到 data/monitoring/monitoring_20250524_152652.json
2025-05-24 15:26:53,048 [INFO] 已保存监控数据到 data/monitoring/monitoring_20250524_152653.json
2025-05-24 15:26:53,812 [INFO] 已保存流量数据到 data/traffic/traffic_20250524_152653.json，共 1000 条记录
2025-05-24 15:26:54,055 [INFO] 已保存监控数据到 data/monitoring/monitoring_20250524_152654.json
2025-05-24 15:26:55,056 [INFO] 已保存监控数据到 data/monitoring/monitoring_20250524_152655.json
2025-05-24 15:26:56,059 [INFO] 已保存监控数据到 data/monitoring/monitoring_20250524_152656.json
2025-05-24 15:26:56,943 [INFO] 检测到威胁: 异常流量, 来源: 192.168.1.186, 严重性: 高, 操作: 监控
2025-05-24 15:26:57,062 [INFO] 已保存监控数据到 data/monitoring/monitoring_20250524_152657.json
2025-05-24 15:26:58,064 [INFO] 已保存监控数据到 data/monitoring/monitoring_20250524_152658.json
2025-05-24 15:26:59,067 [INFO] 已保存监控数据到 data/monitoring/monitoring_20250524_152659.json
2025-05-24 15:27:00,068 [INFO] 已保存监控数据到 data/monitoring/monitoring_20250524_152700.json
2025-05-24 15:27:01,075 [INFO] 已保存监控数据到 data/monitoring/monitoring_20250524_152701.json
2025-05-24 15:29:34,387 [INFO] 网络入侵检测与防御系统启动中...
2025-05-24 15:29:34,392 [INFO]  * Restarting with stat
2025-05-24 15:29:35,368 [INFO] 网络入侵检测与防御系统启动中...
2025-05-24 15:29:35,373 [WARNING]  * Debugger is active!
2025-05-24 15:29:35,379 [INFO]  * Debugger PIN: 135-649-420
2025-05-24 15:29:38,353 [INFO] 客户端已连接: sjESTGwFFGX4oqooAAAB
2025-05-24 15:30:40,266 [INFO] 客户端已断开连接: sjESTGwFFGX4oqooAAAB
2025-05-24 15:30:40,640 [INFO] 客户端已连接: LkFQXc-rd7KYPvlkAAAD
2025-05-24 15:30:51,361 [INFO] 客户端已断开连接: LkFQXc-rd7KYPvlkAAAD
2025-05-24 15:30:51,625 [INFO] 客户端已连接: CPVv0VuzKecqxy3VAAAF
2025-05-24 15:31:39,515 [INFO] 客户端已断开连接: CPVv0VuzKecqxy3VAAAF
2025-05-24 16:26:41,879 [INFO] 网络入侵检测与防御系统启动中...
2025-05-24 16:26:41,889 [INFO]  * Restarting with stat
2025-05-24 16:26:42,904 [INFO] 网络入侵检测与防御系统启动中...
2025-05-24 16:26:42,909 [WARNING]  * Debugger is active!
2025-05-24 16:26:42,916 [INFO]  * Debugger PIN: 135-649-420
2025-05-24 16:26:46,179 [INFO] 客户端已连接: W3MjMnxPFBYCQ1foAAAB
2025-05-24 16:26:56,126 [INFO] 客户端已断开连接: W3MjMnxPFBYCQ1foAAAB
2025-05-24 16:27:17,094 [INFO] 客户端已连接: S9jwTK7SKAMenCrmAAAD
2025-05-24 16:27:18,353 [INFO] 客户端已断开连接: S9jwTK7SKAMenCrmAAAD
2025-05-24 16:27:18,560 [INFO] 客户端已连接: gz9qExMGnGqMb4bEAAAF
2025-05-24 16:27:22,432 [INFO] 客户端已断开连接: gz9qExMGnGqMb4bEAAAF
2025-05-24 16:27:22,602 [INFO] 客户端已连接: xMPpDNi2ttQuhe7VAAAH
2025-05-24 16:27:30,780 [INFO] 客户端已断开连接: xMPpDNi2ttQuhe7VAAAH
2025-05-24 16:31:33,619 [INFO] 网络入侵检测与防御系统启动中...
2025-05-24 16:31:33,624 [INFO]  * Restarting with stat
2025-05-24 16:31:34,611 [INFO] 网络入侵检测与防御系统启动中...
2025-05-24 16:31:34,616 [WARNING]  * Debugger is active!
2025-05-24 16:31:34,622 [INFO]  * Debugger PIN: 135-649-420
2025-05-24 16:31:37,335 [INFO] 客户端已连接: Ia9M2T-fnYnku9yTAAAB
2025-05-24 16:31:38,830 [INFO] 客户端已断开连接: Ia9M2T-fnYnku9yTAAAB
2025-05-24 16:31:38,995 [INFO] 客户端已连接: e6v9K-mEeYymBV6lAAAD
2025-05-24 16:31:50,163 [INFO] 客户端已断开连接: e6v9K-mEeYymBV6lAAAD
2025-05-24 16:32:05,826 [INFO] 客户端已连接: IGeSAv_26JjHZmBHAAAF
2025-05-24 16:32:09,203 [INFO] 客户端已断开连接: IGeSAv_26JjHZmBHAAAF
2025-05-24 16:32:09,395 [INFO] 客户端已连接: r-bdloe2RXvHwM24AAAH
2025-05-24 16:32:21,350 [INFO] 客户端已断开连接: r-bdloe2RXvHwM24AAAH
2025-05-24 16:37:40,479 [INFO] 网络入侵检测与防御系统启动中...
2025-05-24 16:37:40,483 [INFO]  * Restarting with stat
2025-05-24 16:37:41,462 [INFO] 网络入侵检测与防御系统启动中...
2025-05-24 16:37:41,467 [WARNING]  * Debugger is active!
2025-05-24 16:37:41,474 [INFO]  * Debugger PIN: 135-649-420
2025-05-24 16:37:43,860 [INFO] 客户端已连接: q8yQkSWoT_mgRmgrAAAB
2025-05-24 16:37:49,033 [INFO] 客户端已断开连接: q8yQkSWoT_mgRmgrAAAB
2025-05-24 16:37:49,283 [INFO] 客户端已连接: xO9djxvRehGxqdKGAAAD
2025-05-24 16:38:05,761 [INFO] 客户端已断开连接: xO9djxvRehGxqdKGAAAD
2025-05-24 16:38:35,483 [INFO] 客户端已连接: cmXTaXKS0CWZbhQRAAAF
2025-05-24 16:38:36,053 [INFO] 客户端已断开连接: cmXTaXKS0CWZbhQRAAAF
2025-05-24 16:38:36,264 [INFO] 客户端已连接: q4PpbZEyDrX9pLrGAAAH
2025-05-24 16:38:38,573 [INFO] 客户端已断开连接: q4PpbZEyDrX9pLrGAAAH
2025-05-24 16:42:01,790 [INFO] 网络入侵检测与防御系统启动中...
2025-05-24 16:42:01,794 [INFO]  * Restarting with stat
2025-05-24 16:42:02,766 [INFO] 网络入侵检测与防御系统启动中...
2025-05-24 16:42:02,771 [WARNING]  * Debugger is active!
2025-05-24 16:42:02,777 [INFO]  * Debugger PIN: 135-649-420
2025-05-24 16:42:05,354 [INFO] 客户端已连接: Yk3NlLxgaqbjc99WAAAB
2025-05-24 16:42:07,336 [INFO] 客户端已断开连接: Yk3NlLxgaqbjc99WAAAB
2025-05-24 16:42:07,489 [INFO] 客户端已连接: Fec9lJPTWfEkuJ7vAAAD
2025-05-24 16:42:14,904 [INFO] 客户端已断开连接: Fec9lJPTWfEkuJ7vAAAD
2025-05-24 16:45:19,047 [INFO] 网络入侵检测与防御系统启动中...
2025-05-24 16:45:19,053 [INFO]  * Restarting with stat
2025-05-24 16:45:20,081 [INFO] 网络入侵检测与防御系统启动中...
2025-05-24 16:45:20,086 [WARNING]  * Debugger is active!
2025-05-24 16:45:20,093 [INFO]  * Debugger PIN: 135-649-420
2025-05-24 16:45:22,179 [INFO] 客户端已连接: sUv_OPB5BGxbrdthAAAB
2025-05-24 16:45:23,207 [INFO] 客户端已断开连接: sUv_OPB5BGxbrdthAAAB
2025-05-24 16:45:23,385 [INFO] 客户端已连接: ozcAgddbgmlGA7BEAAAD
2025-05-24 16:45:26,460 [INFO] 客户端已断开连接: ozcAgddbgmlGA7BEAAAD
2025-05-24 16:47:21,717 [INFO] 网络入侵检测与防御系统启动中...
2025-05-24 16:47:21,723 [INFO]  * Restarting with stat
2025-05-24 16:47:22,735 [INFO] 网络入侵检测与防御系统启动中...
2025-05-24 16:47:22,739 [WARNING]  * Debugger is active!
2025-05-24 16:47:22,745 [INFO]  * Debugger PIN: 135-649-420
2025-05-24 16:47:24,891 [INFO] 客户端已连接: 5DKYmoVhF8L6i-n_AAAB
2025-05-24 16:47:31,618 [INFO] 客户端已断开连接: 5DKYmoVhF8L6i-n_AAAB
2025-05-24 16:47:31,892 [INFO] 客户端已连接: pyi_r5wZzZFv0cffAAAD
2025-05-24 16:47:34,033 [INFO] 客户端已断开连接: pyi_r5wZzZFv0cffAAAD
2025-05-24 16:47:47,505 [INFO] 客户端已连接: JbC0OaZF-PxPm1b7AAAF
2025-05-24 16:47:53,050 [INFO] 客户端已断开连接: JbC0OaZF-PxPm1b7AAAF
2025-05-24 16:47:54,274 [INFO] 流量捕获已启动，监听接口: 所有
2025-05-24 16:47:54,277 [INFO] 入侵防御已启动，模式: auto
2025-05-24 16:47:54,277 [INFO] 告警系统已启动
2025-05-24 16:48:04,278 [INFO] 检测到威胁: 病毒/木马, 来源: 192.168.1.78, 严重性: 高, 操作: 监控
2025-05-24 16:48:09,279 [INFO] 检测到威胁: 异常流量, 来源: 192.168.1.203, 严重性: 低, 操作: 监控
2025-05-24 16:48:19,280 [INFO] 处理告警: XSS攻击, 严重性: 低, 来源: 192.168.1.128
2025-05-24 16:48:24,280 [INFO] 检测到威胁: 病毒/木马, 来源: 192.168.1.80, 严重性: 高, 操作: 监控
2025-05-24 16:48:54,283 [INFO] 处理告警: 可疑文件下载, 严重性: 低, 来源: 192.168.1.74
2025-05-24 16:49:04,283 [INFO] 检测到威胁: 病毒/木马, 来源: 192.168.1.95, 严重性: 低, 操作: 监控
2025-05-24 16:49:09,284 [INFO] 检测到威胁: 病毒/木马, 来源: 192.168.1.251, 严重性: 中, 操作: 监控
2025-05-24 16:49:09,285 [INFO] 处理告警: 暴力破解, 严重性: 低, 来源: 192.168.1.133
2025-05-24 16:49:24,286 [INFO] 处理告警: XSS攻击, 严重性: 高, 来源: 192.168.1.46
2025-05-24 16:49:34,286 [INFO] 检测到威胁: 暴力破解, 来源: 192.168.1.88, 严重性: 高, 操作: 监控
2025-05-24 16:49:34,287 [INFO] 处理告警: SQL注入攻击, 严重性: 高, 来源: 192.168.1.108
2025-05-24 16:49:39,287 [INFO] 检测到威胁: 端口扫描, 来源: 192.168.1.148, 严重性: 高, 操作: 监控
2025-05-24 16:49:39,288 [INFO] 处理告警: XSS攻击, 严重性: 低, 来源: 192.168.1.202
2025-05-24 16:49:54,288 [INFO] 检测到威胁: 暴力破解, 来源: 192.168.1.190, 严重性: 低, 操作: 监控
2025-05-24 16:49:55,476 [INFO] 已保存流量数据到 data/traffic/traffic_20250524_164955.json，共 1000 条记录
2025-05-24 16:50:14,290 [INFO] 处理告警: XSS攻击, 严重性: 高, 来源: 192.168.1.245
2025-05-24 16:50:24,291 [INFO] 检测到威胁: 病毒/木马, 来源: 192.168.1.161, 严重性: 低, 操作: 监控
2025-05-24 16:50:29,292 [INFO] 检测到威胁: XSS攻击, 来源: 192.168.1.67, 严重性: 中, 操作: 监控
2025-05-24 16:50:54,293 [INFO] 检测到威胁: 病毒/木马, 来源: 192.168.1.190, 严重性: 高, 操作: 监控
2025-05-24 16:50:59,294 [INFO] 检测到威胁: XSS攻击, 来源: 192.168.1.93, 严重性: 高, 操作: 监控
2025-05-24 16:51:09,295 [INFO] 检测到威胁: 异常流量, 来源: 192.168.1.254, 严重性: 高, 操作: 监控
2025-05-24 16:51:14,294 [INFO] 处理告警: 可疑文件下载, 严重性: 低, 来源: 192.168.1.192
2025-05-24 16:51:19,295 [INFO] 处理告警: 暴力破解, 严重性: 低, 来源: 192.168.1.38
2025-05-24 16:51:26,081 [INFO] 已保存流量数据到 data/traffic/traffic_20250524_165126.json，共 1000 条记录
2025-05-24 16:51:54,299 [INFO] 检测到威胁: 端口扫描, 来源: 192.168.1.198, 严重性: 中, 操作: 监控
2025-05-24 16:52:04,786 [INFO] 网络入侵检测与防御系统启动中...
2025-05-24 16:52:04,791 [INFO]  * Restarting with stat
2025-05-24 16:52:05,774 [INFO] 网络入侵检测与防御系统启动中...
2025-05-24 16:52:05,779 [WARNING]  * Debugger is active!
2025-05-24 16:52:05,785 [INFO]  * Debugger PIN: 135-649-420
2025-05-24 16:52:08,450 [INFO] 客户端已连接: CvmFJV5iP-OzRwOsAAAB
2025-05-24 16:52:10,361 [INFO] 流量捕获已启动，监听接口: 所有
2025-05-24 16:52:10,362 [INFO] 检测到威胁: DDoS攻击, 来源: 192.168.1.86, 严重性: 低, 操作: 监控
2025-05-24 16:52:10,362 [INFO] 入侵防御已启动，模式: auto
2025-05-24 16:52:10,363 [INFO] 告警系统已启动
2025-05-24 16:52:25,364 [INFO] 处理告警: 端口扫描, 严重性: 低, 来源: 192.168.1.88
2025-05-24 16:52:25,364 [INFO] 检测到威胁: 端口扫描, 来源: 192.168.1.135, 严重性: 高, 操作: 监控
2025-05-24 16:52:35,365 [INFO] 处理告警: XSS攻击, 严重性: 高, 来源: 192.168.1.36
2025-05-24 16:52:45,365 [INFO] 处理告警: XSS攻击, 严重性: 中, 来源: 192.168.1.175
2025-05-24 16:52:45,366 [INFO] 检测到威胁: 异常流量, 来源: 192.168.1.168, 严重性: 高, 操作: 监控
2025-05-24 16:52:50,366 [INFO] 检测到威胁: 端口扫描, 来源: 192.168.1.230, 严重性: 中, 操作: 监控
2025-05-24 16:53:13,027 [INFO] 已保存流量数据到 data/traffic/traffic_20250524_165313.json，共 1000 条记录
2025-05-24 16:53:15,369 [INFO] 检测到威胁: 暴力破解, 来源: 192.168.1.30, 严重性: 低, 操作: 监控
2025-05-24 16:53:20,369 [INFO] 处理告警: 可疑文件下载, 严重性: 中, 来源: 192.168.1.183
2025-05-24 16:53:20,370 [INFO] 检测到威胁: SQL注入, 来源: 192.168.1.37, 严重性: 低, 操作: 监控
2025-05-24 16:53:30,371 [INFO] 检测到威胁: 异常流量, 来源: 192.168.1.75, 严重性: 低, 操作: 监控
2025-05-24 16:53:40,371 [INFO] 处理告警: 端口扫描, 严重性: 高, 来源: 192.168.1.211
2025-05-24 16:53:50,372 [INFO] 处理告警: DDoS攻击, 严重性: 高, 来源: 192.168.1.106
2025-05-24 16:53:50,373 [INFO] 检测到威胁: 病毒/木马, 来源: 192.168.1.118, 严重性: 中, 操作: 监控
2025-05-24 16:53:54,396 [INFO] 已保存流量数据到 data/traffic/traffic_20250524_165354.json，共 1000 条记录
2025-05-24 16:53:55,374 [INFO] 检测到威胁: XSS攻击, 来源: 192.168.1.192, 严重性: 高, 操作: 监控
2025-05-24 16:54:00,374 [INFO] 检测到威胁: SQL注入, 来源: 192.168.1.120, 严重性: 低, 操作: 监控
2025-05-24 16:54:04,179 [INFO] 已保存流量数据到 data/traffic/traffic_20250524_165404.json，共 1000 条记录
2025-05-24 16:54:15,376 [INFO] 检测到威胁: XSS攻击, 来源: 192.168.1.72, 严重性: 低, 操作: 监控
2025-05-24 16:54:15,750 [INFO] 已保存流量数据到 data/traffic/traffic_20250524_165415.json，共 1000 条记录
2025-05-24 16:54:25,375 [INFO] 处理告警: 可疑文件下载, 严重性: 低, 来源: 192.168.1.79
2025-05-24 16:54:25,378 [INFO] 检测到威胁: DDoS攻击, 来源: 192.168.1.55, 严重性: 低, 操作: 监控
2025-05-24 16:54:40,380 [INFO] 检测到威胁: XSS攻击, 来源: 192.168.1.32, 严重性: 高, 操作: 监控
2025-05-24 16:54:47,095 [INFO]  * Detected change in 'E:\\computer_classes\\IS\\系统安全\\课设\\ids\\app\\modules\\network_monitoring\\monitor.py', reloading
2025-05-24 16:54:47,252 [INFO]  * Restarting with stat
2025-05-24 16:54:48,302 [INFO] 网络入侵检测与防御系统启动中...
2025-05-24 16:54:48,307 [WARNING]  * Debugger is active!
2025-05-24 16:54:48,314 [INFO]  * Debugger PIN: 135-649-420
2025-05-24 16:54:49,180 [INFO] 客户端已连接: j0zvMRw_HRjqKML9AAAB
2025-05-24 16:54:56,444 [INFO] 客户端已连接: bAomapV12XdK4ydDAAAD
2025-05-24 16:54:58,212 [INFO] 流量捕获已启动，监听接口: 所有
2025-05-24 16:54:58,213 [INFO] 检测到威胁: DDoS攻击, 来源: 192.168.1.153, 严重性: 中, 操作: 监控
2025-05-24 16:54:58,213 [INFO] 入侵防御已启动，模式: auto
2025-05-24 16:54:58,214 [INFO] 告警系统已启动
2025-05-24 16:55:01,954 [INFO] 客户端已断开连接: bAomapV12XdK4ydDAAAD
2025-05-24 16:56:09,063 [INFO] 网络入侵检测与防御系统启动中...
2025-05-24 16:56:09,069 [INFO]  * Restarting with stat
2025-05-24 16:56:10,123 [INFO] 网络入侵检测与防御系统启动中...
2025-05-24 16:56:10,127 [WARNING]  * Debugger is active!
2025-05-24 16:56:10,134 [INFO]  * Debugger PIN: 135-649-420
2025-05-24 16:56:12,724 [INFO] 客户端已连接: cwBYFk1K77djNaNQAAAB
2025-05-24 16:56:23,321 [INFO] 客户端已断开连接: cwBYFk1K77djNaNQAAAB
2025-05-24 16:56:38,396 [INFO] 客户端已连接: UHWVxixwCEcIi86oAAAD
2025-05-24 16:56:45,664 [INFO] 入侵防御已启动，模式: auto
2025-05-24 16:56:45,665 [INFO] 流量捕获已启动，监听接口: 所有
2025-05-24 16:56:45,666 [INFO] 处理告警: DDoS攻击, 严重性: 低, 来源: 192.168.1.126
2025-05-24 16:56:45,668 [INFO] 告警系统已启动
2025-05-24 16:56:48,054 [INFO] 已保存流量数据到 data/traffic/traffic_20250524_165648.json，共 1000 条记录
2025-05-24 16:56:50,321 [INFO] 已保存流量数据到 data/traffic/traffic_20250524_165650.json，共 1000 条记录
2025-05-24 16:56:50,665 [INFO] 检测到威胁: SQL注入, 来源: 192.168.1.2, 严重性: 低, 操作: 监控
2025-05-24 16:56:53,930 [INFO] 已保存流量数据到 data/traffic/traffic_20250524_165653.json，共 1000 条记录
2025-05-24 16:57:03,164 [INFO] 已保存流量数据到 data/traffic/traffic_20250524_165703.json，共 1000 条记录
2025-05-24 16:57:05,672 [INFO] 处理告警: XSS攻击, 严重性: 中, 来源: 192.168.1.18
2025-05-24 16:57:09,652 [INFO] 已保存流量数据到 data/traffic/traffic_20250524_165709.json，共 1000 条记录
2025-05-24 16:57:10,666 [INFO] 检测到威胁: 病毒/木马, 来源: 192.168.1.18, 严重性: 高, 操作: 监控
2025-05-24 16:57:10,672 [INFO] 处理告警: DDoS攻击, 严重性: 中, 来源: 192.168.1.37
2025-05-24 16:57:14,263 [INFO] 客户端已断开连接: UHWVxixwCEcIi86oAAAD
2025-05-24 16:57:20,237 [INFO] 已保存流量数据到 data/traffic/traffic_20250524_165720.json，共 1000 条记录
2025-05-24 16:57:25,674 [INFO] 处理告警: SQL注入攻击, 严重性: 高, 来源: 192.168.1.18
2025-05-24 16:57:26,447 [INFO] 已保存流量数据到 data/traffic/traffic_20250524_165726.json，共 1000 条记录
2025-05-24 16:57:40,675 [INFO] 处理告警: XSS攻击, 严重性: 高, 来源: 192.168.1.198
2025-05-24 16:57:42,176 [INFO] 已保存流量数据到 data/traffic/traffic_20250524_165742.json，共 1000 条记录
2025-05-24 16:57:45,675 [INFO] 处理告警: XSS攻击, 严重性: 中, 来源: 192.168.1.87
2025-05-24 16:57:57,741 [INFO] 已保存流量数据到 data/traffic/traffic_20250524_165757.json，共 1000 条记录
2025-05-24 16:57:58,083 [INFO] 已保存流量数据到 data/traffic/traffic_20250524_165758.json，共 1000 条记录
2025-05-24 16:57:58,413 [INFO] 已保存流量数据到 data/traffic/traffic_20250524_165758.json，共 1000 条记录
2025-05-24 16:57:59,291 [INFO] 已保存流量数据到 data/traffic/traffic_20250524_165759.json，共 1000 条记录
2025-05-24 16:57:59,660 [INFO] 已保存流量数据到 data/traffic/traffic_20250524_165759.json，共 1000 条记录
2025-05-24 16:58:00,395 [INFO] 已保存流量数据到 data/traffic/traffic_20250524_165800.json，共 1000 条记录
2025-05-24 16:58:00,676 [INFO] 检测到威胁: 异常流量, 来源: 192.168.1.72, 严重性: 低, 操作: 监控
2025-05-24 16:58:00,931 [INFO] 已保存流量数据到 data/traffic/traffic_20250524_165800.json，共 1000 条记录
2025-05-24 16:58:01,401 [INFO] 已保存流量数据到 data/traffic/traffic_20250524_165801.json，共 1000 条记录
2025-05-24 16:58:02,614 [INFO] 已保存流量数据到 data/traffic/traffic_20250524_165802.json，共 1000 条记录
2025-05-24 16:58:03,052 [INFO] 已保存流量数据到 data/traffic/traffic_20250524_165803.json，共 1000 条记录
2025-05-24 16:58:03,417 [INFO] 已保存流量数据到 data/traffic/traffic_20250524_165803.json，共 1000 条记录
2025-05-24 16:58:04,533 [INFO] 已保存流量数据到 data/traffic/traffic_20250524_165804.json，共 1000 条记录
2025-05-24 16:58:05,209 [INFO] 已保存流量数据到 data/traffic/traffic_20250524_165805.json，共 1000 条记录
2025-05-24 16:58:05,784 [INFO] 已保存流量数据到 data/traffic/traffic_20250524_165805.json，共 1000 条记录
2025-05-24 16:58:06,896 [INFO] 已保存流量数据到 data/traffic/traffic_20250524_165806.json，共 1000 条记录
2025-05-24 16:58:08,535 [INFO] 已保存流量数据到 data/traffic/traffic_20250524_165808.json，共 1000 条记录
2025-05-24 16:58:10,530 [INFO] 已保存流量数据到 data/traffic/traffic_20250524_165810.json，共 1000 条记录
2025-05-24 16:58:11,960 [INFO] 已保存流量数据到 data/traffic/traffic_20250524_165811.json，共 1000 条记录
2025-05-24 16:58:15,678 [INFO] 检测到威胁: SQL注入, 来源: 192.168.1.113, 严重性: 中, 操作: 监控
2025-05-24 16:58:22,238 [INFO] 已保存流量数据到 data/traffic/traffic_20250524_165822.json，共 1000 条记录
2025-05-24 16:58:35,441 [INFO] 已保存流量数据到 data/traffic/traffic_20250524_165835.json，共 1000 条记录
2025-05-24 16:58:35,680 [INFO] 检测到威胁: 病毒/木马, 来源: 192.168.1.170, 严重性: 中, 操作: 监控
2025-05-24 16:58:36,396 [INFO] 已保存流量数据到 data/traffic/traffic_20250524_165836.json，共 1000 条记录
2025-05-24 16:58:37,435 [INFO] 已保存流量数据到 data/traffic/traffic_20250524_165837.json，共 1000 条记录
2025-05-24 16:58:38,404 [INFO] 已保存流量数据到 data/traffic/traffic_20250524_165838.json，共 1000 条记录
2025-05-24 16:58:38,978 [INFO] 已保存流量数据到 data/traffic/traffic_20250524_165838.json，共 1000 条记录
2025-05-24 16:58:39,612 [INFO] 已保存流量数据到 data/traffic/traffic_20250524_165839.json，共 1000 条记录
2025-05-24 16:58:40,683 [INFO] 处理告警: XSS攻击, 严重性: 中, 来源: 192.168.1.214
2025-05-24 16:58:47,576 [INFO] 已保存流量数据到 data/traffic/traffic_20250524_165847.json，共 1000 条记录
2025-05-24 16:59:00,683 [INFO] 检测到威胁: 异常流量, 来源: 192.168.1.181, 严重性: 高, 操作: 监控
2025-05-24 16:59:00,685 [INFO] 处理告警: XSS攻击, 严重性: 中, 来源: 192.168.1.129
2025-05-24 16:59:15,684 [INFO] 检测到威胁: 异常流量, 来源: 192.168.1.106, 严重性: 低, 操作: 监控
2025-05-24 16:59:20,685 [INFO] 检测到威胁: 异常流量, 来源: 192.168.1.44, 严重性: 高, 操作: 监控
2025-05-24 16:59:20,686 [INFO] 处理告警: 可疑文件下载, 严重性: 中, 来源: 192.168.1.107
2025-05-24 16:59:25,685 [INFO] 检测到威胁: XSS攻击, 来源: 192.168.1.166, 严重性: 中, 操作: 监控
2025-05-24 16:59:45,688 [INFO] 处理告警: 暴力破解, 严重性: 低, 来源: 192.168.1.224
2025-05-24 16:59:55,687 [INFO] 检测到威胁: SQL注入, 来源: 192.168.1.66, 严重性: 低, 操作: 监控
2025-05-24 16:59:57,993 [INFO] 已保存流量数据到 data/traffic/traffic_20250524_165957.json，共 1000 条记录
2025-05-24 16:59:58,629 [INFO] 已保存流量数据到 data/traffic/traffic_20250524_165958.json，共 1000 条记录
2025-05-24 16:59:59,341 [INFO] 已保存流量数据到 data/traffic/traffic_20250524_165959.json，共 1000 条记录
2025-05-24 17:00:00,096 [INFO] 已保存流量数据到 data/traffic/traffic_20250524_170000.json，共 1000 条记录
2025-05-24 17:00:00,688 [INFO] 检测到威胁: SQL注入, 来源: 192.168.1.47, 严重性: 低, 操作: 监控
2025-05-24 17:00:00,840 [INFO] 已保存流量数据到 data/traffic/traffic_20250524_170000.json，共 1000 条记录
2025-05-24 17:00:01,522 [INFO] 已保存流量数据到 data/traffic/traffic_20250524_170001.json，共 1000 条记录
2025-05-24 17:00:02,567 [INFO] 已保存流量数据到 data/traffic/traffic_20250524_170002.json，共 1000 条记录
2025-05-24 17:00:03,521 [INFO] 已保存流量数据到 data/traffic/traffic_20250524_170003.json，共 1000 条记录
2025-05-24 17:00:04,147 [INFO] 已保存流量数据到 data/traffic/traffic_20250524_170004.json，共 1000 条记录
2025-05-24 17:00:04,719 [INFO] 已保存流量数据到 data/traffic/traffic_20250524_170004.json，共 1000 条记录
2025-05-24 17:00:05,843 [INFO] 已保存流量数据到 data/traffic/traffic_20250524_170005.json，共 1000 条记录
2025-05-24 17:00:06,536 [INFO] 已保存流量数据到 data/traffic/traffic_20250524_170006.json，共 1000 条记录
2025-05-24 17:00:07,289 [INFO] 已保存流量数据到 data/traffic/traffic_20250524_170007.json，共 1000 条记录
2025-05-24 17:00:07,852 [INFO] 已保存流量数据到 data/traffic/traffic_20250524_170007.json，共 1000 条记录
2025-05-24 17:00:10,689 [INFO] 检测到威胁: SQL注入, 来源: 192.168.1.154, 严重性: 中, 操作: 监控
2025-05-24 17:00:28,875 [INFO] 已保存流量数据到 data/traffic/traffic_20250524_170028.json，共 1000 条记录
2025-05-24 17:00:29,229 [INFO] 已保存流量数据到 data/traffic/traffic_20250524_170029.json，共 1000 条记录
2025-05-24 17:00:29,941 [INFO] 已保存流量数据到 data/traffic/traffic_20250524_170029.json，共 1000 条记录
2025-05-24 17:00:30,338 [INFO] 已保存流量数据到 data/traffic/traffic_20250524_170030.json，共 1000 条记录
2025-05-24 17:00:31,286 [INFO] 已保存流量数据到 data/traffic/traffic_20250524_170031.json，共 1000 条记录
2025-05-24 17:00:31,636 [INFO] 已保存流量数据到 data/traffic/traffic_20250524_170031.json，共 1000 条记录
2025-05-24 17:00:32,210 [INFO] 已保存流量数据到 data/traffic/traffic_20250524_170032.json，共 1000 条记录
2025-05-24 17:00:42,414 [INFO] 已保存流量数据到 data/traffic/traffic_20250524_170042.json，共 1000 条记录
2025-05-24 17:00:45,692 [INFO] 检测到威胁: 暴力破解, 来源: 192.168.1.220, 严重性: 高, 操作: 监控
2025-05-24 17:00:51,920 [INFO] 已保存流量数据到 data/traffic/traffic_20250524_170051.json，共 1000 条记录
2025-05-24 17:01:05,694 [INFO] 检测到威胁: SQL注入, 来源: 192.168.1.98, 严重性: 低, 操作: 监控
2025-05-24 17:01:15,695 [INFO] 检测到威胁: 病毒/木马, 来源: 192.168.1.242, 严重性: 高, 操作: 监控
2025-05-24 17:01:24,718 [INFO] 已保存流量数据到 data/traffic/traffic_20250524_170124.json，共 1000 条记录
2025-05-24 17:01:25,696 [INFO] 处理告警: 可疑文件下载, 严重性: 低, 来源: 192.168.1.225
2025-05-24 17:01:40,698 [INFO] 处理告警: XSS攻击, 严重性: 低, 来源: 192.168.1.72
2025-05-24 17:04:38,246 [INFO] 网络入侵检测与防御系统启动中...
2025-05-24 17:04:38,252 [INFO]  * Restarting with stat
2025-05-24 17:04:39,264 [INFO] 网络入侵检测与防御系统启动中...
2025-05-24 17:04:39,269 [WARNING]  * Debugger is active!
2025-05-24 17:04:39,275 [INFO]  * Debugger PIN: 135-649-420
2025-05-24 17:04:41,687 [INFO] 客户端已连接: SmlLWfqMl7eVup-CAAAB
2025-05-24 17:04:43,598 [INFO] 流量捕获已启动，监听接口: 所有
2025-05-24 17:04:43,599 [INFO] 入侵防御已启动，模式: auto
2025-05-24 17:04:43,600 [INFO] 告警系统已启动
2025-05-24 17:04:53,600 [INFO] 检测到威胁: XSS攻击, 来源: 192.168.1.104, 严重性: 中, 操作: 监控
2025-05-24 17:05:08,602 [INFO] 检测到威胁: XSS攻击, 来源: 192.168.1.185, 严重性: 低, 操作: 监控
2025-05-24 17:05:13,113 [INFO] 客户端已断开连接: SmlLWfqMl7eVup-CAAAB
2025-05-24 17:05:17,427 [INFO] 客户端已连接: hx7l9tkCewGHK7kRAAAD
2025-05-24 17:05:18,603 [INFO] 检测到威胁: 暴力破解, 来源: 192.168.1.90, 严重性: 低, 操作: 监控
2025-05-24 17:05:19,777 [INFO] 客户端已断开连接: hx7l9tkCewGHK7kRAAAD
2025-05-24 17:05:23,604 [INFO] 检测到威胁: XSS攻击, 来源: 192.168.1.44, 严重性: 低, 操作: 监控
2025-05-24 17:05:23,682 [INFO] 已保存流量数据到 data/traffic/traffic_20250524_170523.json，共 1000 条记录
2025-05-24 17:05:28,604 [INFO] 检测到威胁: 暴力破解, 来源: 192.168.1.28, 严重性: 高, 操作: 监控
2025-05-24 17:07:04,871 [INFO] 网络入侵检测与防御系统启动中...
2025-05-24 17:07:04,876 [INFO]  * Restarting with stat
2025-05-24 17:07:05,840 [INFO] 网络入侵检测与防御系统启动中...
2025-05-24 17:07:05,844 [WARNING]  * Debugger is active!
2025-05-24 17:07:05,851 [INFO]  * Debugger PIN: 135-649-420
2025-05-24 17:07:08,828 [INFO] 客户端已连接: azW8-Wh-IU8q_xmpAAAB
2025-05-24 17:07:10,546 [INFO] 流量捕获已启动，监听接口: 所有
2025-05-24 17:07:10,546 [INFO] 检测到威胁: XSS攻击, 来源: 192.168.1.88, 严重性: 低, 操作: 监控
2025-05-24 17:07:10,547 [INFO] 入侵防御已启动，模式: auto
2025-05-24 17:07:10,547 [INFO] 告警系统已启动
2025-05-24 17:07:14,465 [INFO] 客户端已断开连接: azW8-Wh-IU8q_xmpAAAB
2025-05-24 17:07:14,691 [INFO] 客户端已连接: nxqW0AFY53bg6lzcAAAD
2025-05-24 17:07:16,625 [INFO] 客户端已断开连接: nxqW0AFY53bg6lzcAAAD
2025-05-24 17:07:16,875 [INFO] 客户端已连接: kVOLcHuWTY0YaJQkAAAF
2025-05-24 17:07:45,549 [INFO] 处理告警: 暴力破解, 严重性: 低, 来源: 192.168.1.110
2025-05-24 17:07:46,439 [INFO] 客户端已断开连接: kVOLcHuWTY0YaJQkAAAF
2025-05-24 17:07:55,551 [INFO] 处理告警: XSS攻击, 严重性: 中, 来源: 192.168.1.132
2025-05-24 17:08:00,551 [INFO] 处理告警: DDoS攻击, 严重性: 中, 来源: 192.168.1.166
2025-05-24 17:08:05,551 [INFO] 检测到威胁: XSS攻击, 来源: 192.168.1.246, 严重性: 中, 操作: 监控
2025-05-24 17:47:29,535 [INFO] 网络入侵检测与防御系统启动中...
2025-05-24 17:47:29,540 [INFO]  * Restarting with stat
2025-05-24 17:47:30,570 [INFO] 网络入侵检测与防御系统启动中...
2025-05-24 17:47:30,575 [WARNING]  * Debugger is active!
2025-05-24 17:47:30,581 [INFO]  * Debugger PIN: 135-649-420
2025-05-24 17:47:30,699 [INFO] 客户端已连接: 2ru0D1VIDrj6oGBVAAAB
2025-05-24 17:47:39,039 [INFO] 客户端已连接: b3QXgjjarl80HgFHAAAD
2025-05-24 17:47:40,698 [INFO] 客户端已断开连接: 2ru0D1VIDrj6oGBVAAAB
2025-05-24 17:47:42,519 [INFO] 流量捕获已启动，监听接口: 所有
2025-05-24 17:47:42,520 [INFO] 入侵防御已启动，模式: auto
2025-05-24 17:47:42,520 [INFO] 处理告警: 暴力破解, 严重性: 低, 来源: 192.168.1.131
2025-05-24 17:47:42,521 [INFO] 告警系统已启动
2025-05-24 17:47:42,521 [INFO] 网络监控已启动
2025-05-24 17:47:42,521 [INFO] 系统已启动
2025-05-24 17:47:43,523 [INFO] 已保存监控数据到 data/monitoring/monitoring_20250524_174743.json
2025-05-24 17:47:44,524 [INFO] 已保存监控数据到 data/monitoring/monitoring_20250524_174744.json
2025-05-24 17:47:45,526 [INFO] 已保存监控数据到 data/monitoring/monitoring_20250524_174745.json
2025-05-24 17:47:46,529 [INFO] 已保存监控数据到 data/monitoring/monitoring_20250524_174746.json
2025-05-24 17:47:47,101 [INFO] 已保存流量数据到 data/traffic/traffic_20250524_174747.json，共 47 条记录
2025-05-24 17:47:47,101 [INFO] 流量捕获已停止
2025-05-24 17:47:47,520 [INFO] 已保存威胁数据到 data/threats/threats_20250524_174747.json，共 0 条记录
2025-05-24 17:47:47,520 [INFO] 入侵防御已停止
2025-05-24 17:47:47,521 [INFO] 已保存告警数据到 data/alerts/alerts_20250524_174747.json
2025-05-24 17:47:47,521 [INFO] 告警系统已停止
2025-05-24 17:47:47,538 [INFO] 已保存监控数据到 data/monitoring/monitoring_20250524_174747.json
2025-05-24 17:47:47,538 [INFO] 网络监控已停止
2025-05-24 17:47:47,538 [INFO] 系统已停止
2025-05-24 17:47:56,386 [INFO]  * Detected change in 'E:\\computer_classes\\IS\\系统安全\\课设\\ids\\app\\app.py', reloading
2025-05-24 17:47:56,545 [INFO]  * Restarting with stat
2025-05-24 17:47:57,629 [INFO] 网络入侵检测与防御系统启动中...
2025-05-24 17:47:57,634 [WARNING]  * Debugger is active!
2025-05-24 17:47:57,640 [INFO]  * Debugger PIN: 135-649-420
2025-05-24 17:48:02,276 [INFO] 网络入侵检测与防御系统启动中...
2025-05-24 17:48:02,281 [INFO]  * Restarting with stat
2025-05-24 17:48:03,261 [INFO] 网络入侵检测与防御系统启动中...
2025-05-24 17:48:03,266 [WARNING]  * Debugger is active!
2025-05-24 17:48:03,272 [INFO]  * Debugger PIN: 135-649-420
2025-05-24 17:48:06,408 [INFO] 客户端已连接: 3Bda2kAkGxMIQ-5sAAAB
2025-05-24 17:48:08,272 [INFO] 流量捕获已启动，监听接口: 所有
2025-05-24 17:48:08,273 [INFO] 入侵防御已启动，模式: auto
2025-05-24 17:48:08,273 [INFO] 告警系统已启动
2025-05-24 17:48:14,220 [INFO] 客户端已断开连接: 3Bda2kAkGxMIQ-5sAAAB
2025-05-24 17:48:14,501 [INFO] 客户端已连接: GmQ7PO_ACrhsWWCoAAAD
2025-05-24 17:48:17,405 [INFO] 客户端已断开连接: GmQ7PO_ACrhsWWCoAAAD
2025-05-24 17:48:17,646 [INFO] 客户端已连接: QHl5tX_8yUuFVmbUAAAF
2025-05-24 17:48:21,194 [INFO] 客户端已断开连接: QHl5tX_8yUuFVmbUAAAF
2025-05-24 17:48:21,494 [INFO] 客户端已连接: vLCTUuYIuJt9sLtXAAAH
2025-05-24 17:48:26,761 [INFO] 客户端已断开连接: vLCTUuYIuJt9sLtXAAAH
2025-05-24 18:20:16,567 [INFO] 网络入侵检测与防御系统启动中...
2025-05-24 18:20:16,574 [INFO]  * Restarting with stat
2025-05-24 18:20:17,613 [INFO] 网络入侵检测与防御系统启动中...
2025-05-24 18:20:17,618 [WARNING]  * Debugger is active!
2025-05-24 18:20:17,626 [INFO]  * Debugger PIN: 135-649-420
2025-05-24 18:20:20,417 [INFO] 客户端已连接: 42pDoLGsGAVmEiGEAAAB
2025-05-24 18:20:23,535 [INFO] 流量捕获已启动，监听接口: 所有
2025-05-24 18:20:23,536 [INFO] 入侵防御已启动，模式: auto
2025-05-24 18:20:23,537 [INFO] 告警系统已启动
2025-05-24 18:20:33,538 [INFO] 处理告警: DDoS攻击, 严重性: 中, 来源: 192.168.1.222
2025-05-24 18:20:38,539 [INFO] 处理告警: XSS攻击, 严重性: 高, 来源: 192.168.1.123
2025-05-24 18:20:48,538 [INFO] 检测到威胁: 异常流量, 来源: 192.168.1.32, 严重性: 低, 操作: 监控
2025-05-24 18:20:48,540 [INFO] 处理告警: DDoS攻击, 严重性: 低, 来源: 192.168.1.83
2025-05-24 18:21:03,540 [INFO] 检测到威胁: SQL注入, 来源: 192.168.1.195, 严重性: 高, 操作: 监控
2025-05-24 18:21:18,541 [INFO] 检测到威胁: DDoS攻击, 来源: 192.168.1.37, 严重性: 低, 操作: 监控
2025-05-24 18:23:17,873 [INFO] 网络入侵检测与防御系统启动中...
2025-05-24 18:23:17,878 [INFO]  * Restarting with stat
2025-05-24 18:23:18,888 [INFO] 网络入侵检测与防御系统启动中...
2025-05-24 18:23:18,894 [WARNING]  * Debugger is active!
2025-05-24 18:23:18,900 [INFO]  * Debugger PIN: 135-649-420
2025-05-24 18:23:21,424 [INFO] 客户端已连接: tRB8-opq1FXAC6RFAAAB
2025-05-24 18:23:22,553 [INFO] 流量捕获已启动，监听接口: 所有
2025-05-24 18:23:22,553 [INFO] 入侵防御已启动，模式: auto
2025-05-24 18:23:22,554 [INFO] 告警系统已启动
2025-05-24 18:23:23,161 [INFO] 客户端已连接: 5MA0uhd7HCjQj-inAAAD
2025-05-24 18:23:27,553 [INFO] 检测到威胁: SQL注入, 来源: 192.168.1.121, 严重性: 低, 操作: 监控
2025-05-24 18:23:27,554 [INFO] 处理告警: 异常流量, 严重性: 高, 来源: 192.168.1.58
2025-05-24 18:23:42,555 [INFO] 检测到威胁: XSS攻击, 来源: 192.168.1.205, 严重性: 高, 操作: 监控
2025-05-24 18:23:47,556 [INFO] 检测到威胁: XSS攻击, 来源: 192.168.1.225, 严重性: 中, 操作: 监控
2025-05-24 18:23:52,557 [INFO] 检测到威胁: XSS攻击, 来源: 192.168.1.158, 严重性: 低, 操作: 监控
2025-05-24 18:23:57,556 [INFO] 处理告警: 端口扫描, 严重性: 低, 来源: 192.168.1.138
2025-05-24 18:23:57,557 [INFO] 检测到威胁: 暴力破解, 来源: 192.168.1.75, 严重性: 高, 操作: 监控
2025-05-24 18:25:23,247 [INFO] 网络入侵检测与防御系统启动中...
2025-05-24 18:25:23,254 [INFO]  * Restarting with stat
2025-05-24 18:25:24,280 [INFO] 网络入侵检测与防御系统启动中...
2025-05-24 18:25:24,285 [WARNING]  * Debugger is active!
2025-05-24 18:25:24,292 [INFO]  * Debugger PIN: 135-649-420
2025-05-24 18:25:27,700 [INFO] 客户端已连接: 1KajRj1KwQw8AanIAAAB
2025-05-24 18:25:29,165 [INFO] 流量捕获已启动，监听接口: 所有
2025-05-24 18:25:29,165 [INFO] 检测到威胁: SQL注入, 来源: 192.168.1.130, 严重性: 中, 操作: 监控
2025-05-24 18:25:29,165 [INFO] 入侵防御已启动，模式: auto
2025-05-24 18:25:29,166 [INFO] 告警系统已启动
2025-05-24 18:25:30,171 [INFO] 客户端已连接: xklsIx-BhEMZz5sAAAAE
2025-05-24 18:25:30,173 [INFO] 客户端已连接: AOFECoN7FWLfd6X5AAAF
2025-05-24 18:25:59,169 [INFO] 检测到威胁: 暴力破解, 来源: 192.168.1.159, 严重性: 中, 操作: 监控
2025-05-24 18:26:09,170 [INFO] 检测到威胁: 暴力破解, 来源: 192.168.1.125, 严重性: 高, 操作: 监控
2025-05-24 18:26:19,172 [INFO] 检测到威胁: SQL注入, 来源: 192.168.1.71, 严重性: 高, 操作: 监控
2025-05-24 18:26:29,173 [INFO] 检测到威胁: SQL注入, 来源: 192.168.1.182, 严重性: 中, 操作: 监控
2025-05-24 18:27:28,421 [INFO] 网络入侵检测与防御系统启动中...
2025-05-24 18:27:28,425 [INFO]  * Restarting with stat
2025-05-24 18:27:29,379 [INFO] 网络入侵检测与防御系统启动中...
2025-05-24 18:27:29,384 [WARNING]  * Debugger is active!
2025-05-24 18:27:29,390 [INFO]  * Debugger PIN: 135-649-420
2025-05-24 18:27:31,790 [INFO] 客户端已连接: rQ3M3Jt-jX1mJoQbAAAB
2025-05-24 18:27:33,387 [INFO] 流量捕获已启动，监听接口: 所有
2025-05-24 18:27:33,388 [INFO] 入侵防御已启动，模式: auto
2025-05-24 18:27:33,388 [INFO] 系统已启动
2025-05-24 18:27:33,389 [INFO] 告警系统已启动
2025-05-24 18:27:34,171 [INFO] 客户端已连接: nQdtGkqINUyXJXlFAAAE
2025-05-24 18:27:34,174 [INFO] 客户端已连接: 6wBGDM65p2N-GbEKAAAF
2025-05-24 18:27:35,170 [INFO] 客户端已连接: Hl0INPUBh1-0QcQ8AAAH
2025-05-24 18:27:39,414 [INFO] 客户端已断开连接: rQ3M3Jt-jX1mJoQbAAAB
2025-05-24 18:27:39,594 [INFO] 客户端已连接: JXDKoV56be11Y92jAAAJ
2025-05-24 18:27:42,206 [INFO] 客户端已断开连接: JXDKoV56be11Y92jAAAJ
2025-05-24 18:27:43,389 [INFO] 处理告警: XSS攻击, 严重性: 高, 来源: 192.168.1.42
2025-05-24 18:27:43,798 [INFO] 已保存流量数据到 data/traffic/traffic_20250524_182743.json，共 45 条记录
2025-05-24 18:27:43,798 [INFO] 流量捕获已停止
2025-05-24 18:27:45,800 [INFO] 已保存威胁数据到 data/threats/threats_20250524_182745.json，共 0 条记录
2025-05-24 18:27:45,800 [INFO] 入侵防御已停止
2025-05-24 18:27:47,807 [INFO] 已保存告警数据到 data/alerts/alerts_20250524_182747.json
2025-05-24 18:27:47,807 [INFO] 告警系统已停止
2025-05-24 18:27:47,807 [INFO] 系统已停止
2025-05-24 18:29:30,169 [INFO] 网络入侵检测与防御系统启动中...
2025-05-24 18:29:30,174 [INFO]  * Restarting with stat
2025-05-24 18:29:31,176 [INFO] 网络入侵检测与防御系统启动中...
2025-05-24 18:29:31,180 [WARNING]  * Debugger is active!
2025-05-24 18:29:31,186 [INFO]  * Debugger PIN: 135-649-420
2025-05-24 18:29:32,166 [INFO] 客户端已连接: mg6gbMW1ttOhY053AAAC
2025-05-24 18:29:32,170 [INFO] 客户端已连接: 44t_romhAOxqttUFAAAD
2025-05-24 18:29:34,167 [INFO] 客户端已连接: cdiQfCxtCHblKMYGAAAG
2025-05-24 18:29:34,169 [INFO] 客户端已连接: XAJ55oxBDlPcjhdyAAAH
2025-05-24 18:29:35,652 [INFO] 客户端已连接: TQu5PP0jIsOKgHNjAAAJ
2025-05-24 18:29:37,844 [INFO] 流量捕获已启动，监听接口: 所有
2025-05-24 18:29:37,845 [INFO] 入侵防御已启动，模式: auto
2025-05-24 18:29:37,846 [INFO] 告警系统已启动
2025-05-24 18:29:37,846 [INFO] 网络监控启动中
2025-05-24 18:29:37,846 [INFO] 系统已启动
2025-05-24 18:29:37,848 [INFO] 网络监控已启动
2025-05-24 18:29:38,850 [INFO] 已保存监控数据到 data/monitoring/monitoring_20250524_182938.json
2025-05-24 18:29:39,852 [INFO] 已保存监控数据到 data/monitoring/monitoring_20250524_182939.json
2025-05-24 18:29:40,854 [INFO] 已保存监控数据到 data/monitoring/monitoring_20250524_182940.json
2025-05-24 18:29:41,857 [INFO] 已保存监控数据到 data/monitoring/monitoring_20250524_182941.json
2025-05-24 18:29:41,976 [INFO] 客户端已连接: peoj6AgnH8HSP4yqAAAL
2025-05-24 18:29:42,858 [INFO] 已保存监控数据到 data/monitoring/monitoring_20250524_182942.json
2025-05-24 18:29:43,603 [INFO] 客户端已连接: mlGTyflxF_HNbC6MAAAN
2025-05-24 18:29:43,861 [INFO] 已保存监控数据到 data/monitoring/monitoring_20250524_182943.json
2025-05-24 18:29:44,700 [INFO] 客户端已连接: 0CL8p4yiSGKXnc7cAAAP
2025-05-24 18:29:44,862 [INFO] 已保存监控数据到 data/monitoring/monitoring_20250524_182944.json
2025-05-24 18:29:45,866 [INFO] 已保存监控数据到 data/monitoring/monitoring_20250524_182945.json
2025-05-24 18:29:46,455 [INFO] 客户端已连接: O6XyYi3MwlUVFwmnAAAR
2025-05-24 18:29:46,867 [INFO] 已保存监控数据到 data/monitoring/monitoring_20250524_182946.json
2025-05-24 18:29:47,847 [INFO] 检测到威胁: SQL注入, 来源: 192.168.1.27, 严重性: 低, 操作: 监控
2025-05-24 18:29:47,871 [INFO] 已保存监控数据到 data/monitoring/monitoring_20250524_182947.json
2025-05-24 18:29:48,872 [INFO] 已保存监控数据到 data/monitoring/monitoring_20250524_182948.json
2025-05-24 18:29:49,877 [INFO] 已保存监控数据到 data/monitoring/monitoring_20250524_182949.json
2025-05-24 18:29:50,879 [INFO] 已保存监控数据到 data/monitoring/monitoring_20250524_182950.json
2025-05-24 18:29:51,882 [INFO] 已保存监控数据到 data/monitoring/monitoring_20250524_182951.json
2025-05-24 18:29:52,070 [INFO] 客户端已连接: itpaQuucNab-Yk_UAAAT
2025-05-24 18:29:52,885 [INFO] 已保存监控数据到 data/monitoring/monitoring_20250524_182952.json
2025-05-24 18:29:53,886 [INFO] 已保存监控数据到 data/monitoring/monitoring_20250524_182953.json
2025-05-24 18:29:54,888 [INFO] 已保存监控数据到 data/monitoring/monitoring_20250524_182954.json
2025-05-24 18:29:55,890 [INFO] 已保存监控数据到 data/monitoring/monitoring_20250524_182955.json
2025-05-24 18:29:56,895 [INFO] 已保存监控数据到 data/monitoring/monitoring_20250524_182956.json
2025-05-24 18:29:57,896 [INFO] 已保存监控数据到 data/monitoring/monitoring_20250524_182957.json
2025-05-24 18:29:58,899 [INFO] 已保存监控数据到 data/monitoring/monitoring_20250524_182958.json
2025-05-24 18:29:59,902 [INFO] 已保存监控数据到 data/monitoring/monitoring_20250524_182959.json
2025-05-24 18:30:00,902 [INFO] 已保存监控数据到 data/monitoring/monitoring_20250524_183000.json
2025-05-24 18:30:01,904 [INFO] 已保存监控数据到 data/monitoring/monitoring_20250524_183001.json
2025-05-24 18:30:02,906 [INFO] 已保存监控数据到 data/monitoring/monitoring_20250524_183002.json
2025-05-24 18:30:03,908 [INFO] 已保存监控数据到 data/monitoring/monitoring_20250524_183003.json
2025-05-24 18:30:04,911 [INFO] 已保存监控数据到 data/monitoring/monitoring_20250524_183004.json
2025-05-24 18:30:05,915 [INFO] 已保存监控数据到 data/monitoring/monitoring_20250524_183005.json
2025-05-24 18:30:06,918 [INFO] 已保存监控数据到 data/monitoring/monitoring_20250524_183006.json
2025-05-24 18:30:07,919 [INFO] 已保存监控数据到 data/monitoring/monitoring_20250524_183007.json
2025-05-24 18:30:08,922 [INFO] 已保存监控数据到 data/monitoring/monitoring_20250524_183008.json
2025-05-24 18:30:09,924 [INFO] 已保存监控数据到 data/monitoring/monitoring_20250524_183009.json
2025-05-24 18:30:10,926 [INFO] 已保存监控数据到 data/monitoring/monitoring_20250524_183010.json
2025-05-24 18:30:11,928 [INFO] 已保存监控数据到 data/monitoring/monitoring_20250524_183011.json
2025-05-24 18:30:12,931 [INFO] 已保存监控数据到 data/monitoring/monitoring_20250524_183012.json
2025-05-24 18:30:13,932 [INFO] 已保存监控数据到 data/monitoring/monitoring_20250524_183013.json
2025-05-24 18:30:14,935 [INFO] 已保存监控数据到 data/monitoring/monitoring_20250524_183014.json
2025-05-24 18:30:15,937 [INFO] 已保存监控数据到 data/monitoring/monitoring_20250524_183015.json
2025-05-24 18:30:16,940 [INFO] 已保存监控数据到 data/monitoring/monitoring_20250524_183016.json
2025-05-24 18:30:17,193 [INFO] 客户端已断开连接: mg6gbMW1ttOhY053AAAC
2025-05-24 18:30:17,198 [INFO] 客户端已断开连接: 44t_romhAOxqttUFAAAD
2025-05-24 18:30:17,848 [INFO] 处理告警: DDoS攻击, 严重性: 低, 来源: 192.168.1.186
2025-05-24 18:30:17,849 [INFO] 检测到威胁: 异常流量, 来源: 192.168.1.102, 严重性: 高, 操作: 监控
2025-05-24 18:30:17,942 [INFO] 已保存监控数据到 data/monitoring/monitoring_20250524_183017.json
2025-05-24 18:30:18,168 [INFO] 客户端已连接: k3wUl2Jx-fjXyFp9AAAV
2025-05-24 18:30:18,946 [INFO] 已保存监控数据到 data/monitoring/monitoring_20250524_183018.json
2025-05-24 18:30:19,172 [INFO] 客户端已连接: Au9Q1WzL15ewl9MmAAAX
2025-05-24 18:30:19,176 [INFO] 客户端已断开连接: cdiQfCxtCHblKMYGAAAG
2025-05-24 18:30:19,207 [INFO] 客户端已断开连接: XAJ55oxBDlPcjhdyAAAH
2025-05-24 18:30:19,947 [INFO] 已保存监控数据到 data/monitoring/monitoring_20250524_183019.json
2025-05-24 18:30:20,738 [INFO] 客户端已断开连接: TQu5PP0jIsOKgHNjAAAJ
2025-05-24 18:30:20,806 [INFO] 客户端已连接: ZSVtpTZml6t4lvqSAAAZ
2025-05-24 18:30:20,952 [INFO] 已保存监控数据到 data/monitoring/monitoring_20250524_183020.json
2025-05-24 18:30:21,162 [INFO] 客户端已连接: RNUnEXQTxNGT72AtAAAb
2025-05-24 18:30:21,954 [INFO] 已保存监控数据到 data/monitoring/monitoring_20250524_183021.json
2025-05-24 18:30:22,956 [INFO] 已保存监控数据到 data/monitoring/monitoring_20250524_183022.json
2025-05-24 18:30:23,982 [INFO] 已保存监控数据到 data/monitoring/monitoring_20250524_183023.json
2025-05-24 18:30:24,986 [INFO] 已保存监控数据到 data/monitoring/monitoring_20250524_183024.json
2025-05-24 18:30:25,988 [INFO] 已保存监控数据到 data/monitoring/monitoring_20250524_183025.json
2025-05-24 18:30:26,989 [INFO] 客户端已断开连接: peoj6AgnH8HSP4yqAAAL
2025-05-24 18:30:26,989 [INFO] 已保存监控数据到 data/monitoring/monitoring_20250524_183026.json
2025-05-24 18:30:27,992 [INFO] 已保存监控数据到 data/monitoring/monitoring_20250524_183027.json
2025-05-24 18:30:28,650 [INFO] 客户端已断开连接: mlGTyflxF_HNbC6MAAAN
2025-05-24 18:30:28,996 [INFO] 已保存监控数据到 data/monitoring/monitoring_20250524_183028.json
2025-05-24 18:30:29,761 [INFO] 客户端已断开连接: 0CL8p4yiSGKXnc7cAAAP
2025-05-24 18:30:29,997 [INFO] 已保存监控数据到 data/monitoring/monitoring_20250524_183029.json
2025-05-24 18:30:30,999 [INFO] 已保存监控数据到 data/monitoring/monitoring_20250524_183030.json
2025-05-24 18:30:31,514 [INFO] 客户端已断开连接: O6XyYi3MwlUVFwmnAAAR
2025-05-24 18:30:32,002 [INFO] 已保存监控数据到 data/monitoring/monitoring_20250524_183032.json
2025-05-24 18:37:33,364 [INFO] 网络入侵检测与防御系统启动中...
2025-05-24 18:37:33,369 [INFO]  * Restarting with stat
2025-05-24 18:37:34,410 [INFO] 网络入侵检测与防御系统启动中...
2025-05-24 18:37:34,415 [WARNING]  * Debugger is active!
2025-05-24 18:37:34,422 [INFO]  * Debugger PIN: 135-649-420
2025-05-24 18:37:42,705 [INFO] 客户端已连接: o3LRgSR44cB3nnDPAAAB
2025-05-24 18:37:45,469 [INFO] 流量捕获已启动，监听接口: 所有
2025-05-24 18:37:45,470 [INFO] 检测到威胁: XSS攻击, 来源: 192.168.1.216, 严重性: 中, 操作: 监控
2025-05-24 18:37:45,470 [INFO] 入侵防御已启动，模式: auto
2025-05-24 18:37:45,471 [INFO] 告警系统已启动
2025-05-24 18:37:45,471 [INFO] 网络监控启动中
2025-05-24 18:37:45,471 [INFO] 系统已启动
2025-05-24 18:37:45,471 [INFO] 网络监控已启动
2025-05-24 18:37:46,473 [INFO] 已保存监控数据到 data/monitoring/monitoring_20250524_183746.json
2025-05-24 18:37:47,476 [INFO] 已保存监控数据到 data/monitoring/monitoring_20250524_183747.json
2025-05-24 18:37:47,928 [INFO] 客户端已连接: 2_wCdGqL7IjYXJTxAAAD
2025-05-24 18:37:48,477 [INFO] 已保存监控数据到 data/monitoring/monitoring_20250524_183748.json
2025-05-24 18:37:49,481 [INFO] 已保存监控数据到 data/monitoring/monitoring_20250524_183749.json
2025-05-24 18:37:50,483 [INFO] 已保存监控数据到 data/monitoring/monitoring_20250524_183750.json
2025-05-24 18:37:51,484 [INFO] 已保存监控数据到 data/monitoring/monitoring_20250524_183751.json
2025-05-24 18:37:52,486 [INFO] 已保存监控数据到 data/monitoring/monitoring_20250524_183752.json
2025-05-24 18:37:53,489 [INFO] 已保存监控数据到 data/monitoring/monitoring_20250524_183753.json
2025-05-24 18:37:54,489 [INFO] 已保存监控数据到 data/monitoring/monitoring_20250524_183754.json
2025-05-24 18:37:55,492 [INFO] 已保存监控数据到 data/monitoring/monitoring_20250524_183755.json
2025-05-24 18:37:56,494 [INFO] 已保存监控数据到 data/monitoring/monitoring_20250524_183756.json
2025-05-24 18:37:57,499 [INFO] 已保存监控数据到 data/monitoring/monitoring_20250524_183757.json
2025-05-24 18:37:58,501 [INFO] 已保存监控数据到 data/monitoring/monitoring_20250524_183758.json
2025-05-24 18:37:59,504 [INFO] 已保存监控数据到 data/monitoring/monitoring_20250524_183759.json
2025-05-24 18:38:00,507 [INFO] 已保存监控数据到 data/monitoring/monitoring_20250524_183800.json
2025-05-24 18:38:01,508 [INFO] 已保存监控数据到 data/monitoring/monitoring_20250524_183801.json
2025-05-24 18:38:02,510 [INFO] 已保存监控数据到 data/monitoring/monitoring_20250524_183802.json
2025-05-24 18:38:03,519 [INFO] 已保存监控数据到 data/monitoring/monitoring_20250524_183803.json
2025-05-24 18:38:04,521 [INFO] 已保存监控数据到 data/monitoring/monitoring_20250524_183804.json
2025-05-24 18:38:45,821 [INFO] 网络入侵检测与防御系统启动中...
2025-05-24 18:38:45,826 [INFO]  * Restarting with stat
2025-05-24 18:38:46,792 [INFO] 网络入侵检测与防御系统启动中...
2025-05-24 18:38:46,797 [WARNING]  * Debugger is active!
2025-05-24 18:38:46,803 [INFO]  * Debugger PIN: 135-649-420
2025-05-24 18:38:49,535 [INFO] 客户端已连接: UJo1vuoZrPhUKRypAAAB
2025-05-24 18:38:50,572 [INFO] 流量捕获已启动，监听接口: 所有
2025-05-24 18:38:50,572 [INFO] 入侵防御已启动，模式: auto
2025-05-24 18:38:50,573 [INFO] 告警系统已启动
2025-05-24 18:38:50,573 [INFO] 网络监控启动中
2025-05-24 18:38:50,573 [INFO] 系统已启动
2025-05-24 18:38:50,574 [INFO] 网络监控已启动
2025-05-24 18:38:51,576 [INFO] 已保存监控数据到 data/monitoring/monitoring_20250524_183851.json
2025-05-24 18:38:52,520 [INFO] 客户端已连接: pvEi_HtHYpkIyqjlAAAD
2025-05-24 18:38:52,580 [INFO] 已保存监控数据到 data/monitoring/monitoring_20250524_183852.json
2025-05-24 18:38:53,582 [INFO] 已保存监控数据到 data/monitoring/monitoring_20250524_183853.json
2025-05-24 18:38:54,583 [INFO] 已保存监控数据到 data/monitoring/monitoring_20250524_183854.json
2025-05-24 18:38:55,587 [INFO] 已保存监控数据到 data/monitoring/monitoring_20250524_183855.json
2025-05-24 18:38:56,587 [INFO] 已保存监控数据到 data/monitoring/monitoring_20250524_183856.json
2025-05-24 18:38:57,592 [INFO] 已保存监控数据到 data/monitoring/monitoring_20250524_183857.json
2025-05-24 18:38:58,593 [INFO] 已保存监控数据到 data/monitoring/monitoring_20250524_183858.json
2025-05-24 18:38:59,596 [INFO] 已保存监控数据到 data/monitoring/monitoring_20250524_183859.json
2025-05-24 18:39:00,597 [INFO] 已保存监控数据到 data/monitoring/monitoring_20250524_183900.json
2025-05-24 18:39:01,599 [INFO] 已保存监控数据到 data/monitoring/monitoring_20250524_183901.json
2025-05-24 18:39:02,602 [INFO] 已保存监控数据到 data/monitoring/monitoring_20250524_183902.json
2025-05-24 18:39:03,605 [INFO] 已保存监控数据到 data/monitoring/monitoring_20250524_183903.json
2025-05-24 18:39:04,607 [INFO] 已保存监控数据到 data/monitoring/monitoring_20250524_183904.json
2025-05-24 18:39:05,574 [INFO] 检测到威胁: SQL注入, 来源: 192.168.1.36, 严重性: 中, 操作: 监控
2025-05-24 18:39:05,610 [INFO] 已保存监控数据到 data/monitoring/monitoring_20250524_183905.json
2025-05-24 18:39:06,611 [INFO] 已保存监控数据到 data/monitoring/monitoring_20250524_183906.json
2025-05-24 18:39:07,613 [INFO] 已保存监控数据到 data/monitoring/monitoring_20250524_183907.json
2025-05-24 18:39:08,615 [INFO] 已保存监控数据到 data/monitoring/monitoring_20250524_183908.json
2025-05-24 18:39:09,618 [INFO] 已保存监控数据到 data/monitoring/monitoring_20250524_183909.json
2025-05-24 18:39:10,619 [INFO] 已保存监控数据到 data/monitoring/monitoring_20250524_183910.json
2025-05-24 18:39:11,623 [INFO] 已保存监控数据到 data/monitoring/monitoring_20250524_183911.json
2025-05-24 18:39:12,624 [INFO] 已保存监控数据到 data/monitoring/monitoring_20250524_183912.json
2025-05-24 18:39:13,627 [INFO] 已保存监控数据到 data/monitoring/monitoring_20250524_183913.json
2025-05-24 18:39:14,629 [INFO] 已保存监控数据到 data/monitoring/monitoring_20250524_183914.json
2025-05-24 18:39:15,575 [INFO] 处理告警: 端口扫描, 严重性: 中, 来源: 192.168.1.167
2025-05-24 18:39:15,631 [INFO] 已保存监控数据到 data/monitoring/monitoring_20250524_183915.json
2025-05-24 18:39:16,634 [INFO] 已保存监控数据到 data/monitoring/monitoring_20250524_183916.json
2025-05-24 18:39:17,637 [INFO] 已保存监控数据到 data/monitoring/monitoring_20250524_183917.json
2025-05-24 18:39:18,639 [INFO] 已保存监控数据到 data/monitoring/monitoring_20250524_183918.json
2025-05-24 18:39:19,641 [INFO] 已保存监控数据到 data/monitoring/monitoring_20250524_183919.json
2025-05-24 18:39:20,643 [INFO] 已保存监控数据到 data/monitoring/monitoring_20250524_183920.json
2025-05-24 18:39:21,646 [INFO] 已保存监控数据到 data/monitoring/monitoring_20250524_183921.json
2025-05-24 18:39:22,647 [INFO] 已保存监控数据到 data/monitoring/monitoring_20250524_183922.json
2025-05-24 18:39:23,650 [INFO] 已保存监控数据到 data/monitoring/monitoring_20250524_183923.json
2025-05-24 18:39:24,654 [INFO] 已保存监控数据到 data/monitoring/monitoring_20250524_183924.json
2025-05-24 18:39:25,656 [INFO] 已保存监控数据到 data/monitoring/monitoring_20250524_183925.json
2025-05-24 18:39:26,656 [INFO] 已保存监控数据到 data/monitoring/monitoring_20250524_183926.json
2025-05-24 18:39:27,660 [INFO] 已保存监控数据到 data/monitoring/monitoring_20250524_183927.json
2025-05-24 18:39:28,661 [INFO] 已保存监控数据到 data/monitoring/monitoring_20250524_183928.json
2025-05-24 18:39:29,663 [INFO] 已保存监控数据到 data/monitoring/monitoring_20250524_183929.json
2025-05-24 18:39:30,575 [INFO] 检测到威胁: 端口扫描, 来源: 192.168.1.194, 严重性: 高, 操作: 监控
2025-05-24 18:39:30,577 [INFO] 处理告警: SQL注入攻击, 严重性: 中, 来源: 192.168.1.142
2025-05-24 18:39:30,665 [INFO] 已保存监控数据到 data/monitoring/monitoring_20250524_183930.json
2025-05-24 18:39:31,668 [INFO] 已保存监控数据到 data/monitoring/monitoring_20250524_183931.json
2025-05-24 18:39:32,673 [INFO] 已保存监控数据到 data/monitoring/monitoring_20250524_183932.json
2025-05-24 18:39:33,678 [INFO] 已保存监控数据到 data/monitoring/monitoring_20250524_183933.json
2025-05-24 18:39:34,610 [INFO] 客户端已断开连接: UJo1vuoZrPhUKRypAAAB
2025-05-24 18:39:34,681 [INFO] 已保存监控数据到 data/monitoring/monitoring_20250524_183934.json
2025-05-24 18:39:35,682 [INFO] 已保存监控数据到 data/monitoring/monitoring_20250524_183935.json
2025-05-24 18:39:36,684 [INFO] 已保存监控数据到 data/monitoring/monitoring_20250524_183936.json
2025-05-24 18:39:37,576 [INFO] 客户端已断开连接: pvEi_HtHYpkIyqjlAAAD
2025-05-24 18:39:37,688 [INFO] 已保存监控数据到 data/monitoring/monitoring_20250524_183937.json
2025-05-24 18:39:38,689 [INFO] 已保存监控数据到 data/monitoring/monitoring_20250524_183938.json
2025-05-24 18:39:39,691 [INFO] 已保存监控数据到 data/monitoring/monitoring_20250524_183939.json
2025-05-24 18:39:40,576 [INFO] 检测到威胁: 异常流量, 来源: 192.168.1.129, 严重性: 低, 操作: 监控
2025-05-24 18:39:40,693 [INFO] 已保存监控数据到 data/monitoring/monitoring_20250524_183940.json
2025-05-24 18:39:41,696 [INFO] 已保存监控数据到 data/monitoring/monitoring_20250524_183941.json
2025-05-24 18:39:42,698 [INFO] 已保存监控数据到 data/monitoring/monitoring_20250524_183942.json
2025-05-24 18:39:43,701 [INFO] 已保存监控数据到 data/monitoring/monitoring_20250524_183943.json
2025-05-24 18:39:44,702 [INFO] 已保存监控数据到 data/monitoring/monitoring_20250524_183944.json
2025-05-24 18:39:45,703 [INFO] 已保存监控数据到 data/monitoring/monitoring_20250524_183945.json
2025-05-24 18:39:46,732 [INFO] 已保存监控数据到 data/monitoring/monitoring_20250524_183946.json
2025-05-24 18:39:47,734 [INFO] 已保存监控数据到 data/monitoring/monitoring_20250524_183947.json
2025-05-24 18:39:48,738 [INFO] 已保存监控数据到 data/monitoring/monitoring_20250524_183948.json
2025-05-24 18:39:49,740 [INFO] 已保存监控数据到 data/monitoring/monitoring_20250524_183949.json
2025-05-24 18:39:49,745 [INFO] 已保存监控数据到 data/monitoring/monitoring_20250524_183949.json
2025-05-24 18:39:50,577 [INFO] 检测到威胁: DDoS攻击, 来源: 192.168.1.189, 严重性: 高, 操作: 监控
2025-05-24 18:39:50,579 [INFO] 处理告警: 异常流量, 严重性: 低, 来源: 192.168.1.177
2025-05-24 18:39:50,746 [INFO] 已保存监控数据到 data/monitoring/monitoring_20250524_183950.json
2025-05-24 18:39:50,749 [INFO] 已保存监控数据到 data/monitoring/monitoring_20250524_183950.json
2025-05-24 18:39:51,754 [INFO] 已保存监控数据到 data/monitoring/monitoring_20250524_183951.json
2025-05-24 18:39:51,754 [INFO] 已保存监控数据到 data/monitoring/monitoring_20250524_183951.json
2025-05-24 18:39:52,758 [INFO] 已保存监控数据到 data/monitoring/monitoring_20250524_183952.json
2025-05-24 18:39:52,761 [INFO] 已保存监控数据到 data/monitoring/monitoring_20250524_183952.json
2025-05-24 18:39:53,764 [INFO] 已保存监控数据到 data/monitoring/monitoring_20250524_183953.json
2025-05-24 18:39:53,770 [INFO] 已保存监控数据到 data/monitoring/monitoring_20250524_183953.json
2025-05-24 18:39:54,771 [INFO] 已保存监控数据到 data/monitoring/monitoring_20250524_183954.json
2025-05-24 18:39:54,779 [INFO] 已保存监控数据到 data/monitoring/monitoring_20250524_183954.json
2025-05-24 18:39:55,783 [INFO] 已保存监控数据到 data/monitoring/monitoring_20250524_183955.json
2025-05-24 18:39:55,786 [INFO] 已保存监控数据到 data/monitoring/monitoring_20250524_183955.json
2025-05-24 18:39:56,787 [INFO] 已保存监控数据到 data/monitoring/monitoring_20250524_183956.json
2025-05-24 18:39:56,792 [INFO] 已保存监控数据到 data/monitoring/monitoring_20250524_183956.json
2025-05-24 18:39:57,793 [INFO] 已保存监控数据到 data/monitoring/monitoring_20250524_183957.json
2025-05-24 18:39:57,796 [INFO] 已保存监控数据到 data/monitoring/monitoring_20250524_183957.json
2025-05-24 18:39:58,798 [INFO] 已保存监控数据到 data/monitoring/monitoring_20250524_183958.json
2025-05-24 18:39:58,802 [INFO] 已保存监控数据到 data/monitoring/monitoring_20250524_183958.json
2025-05-24 18:39:59,804 [INFO] 已保存监控数据到 data/monitoring/monitoring_20250524_183959.json
2025-05-24 18:39:59,808 [INFO] 已保存监控数据到 data/monitoring/monitoring_20250524_183959.json
2025-05-24 18:40:00,811 [INFO] 已保存监控数据到 data/monitoring/monitoring_20250524_184000.json
2025-05-24 18:40:00,814 [INFO] 已保存监控数据到 data/monitoring/monitoring_20250524_184000.json
2025-05-24 18:40:01,816 [INFO] 已保存监控数据到 data/monitoring/monitoring_20250524_184001.json
2025-05-24 18:40:01,819 [INFO] 已保存监控数据到 data/monitoring/monitoring_20250524_184001.json
2025-05-24 18:40:02,822 [INFO] 已保存监控数据到 data/monitoring/monitoring_20250524_184002.json
2025-05-24 18:40:02,824 [INFO] 已保存监控数据到 data/monitoring/monitoring_20250524_184002.json
2025-05-24 18:40:03,827 [INFO] 已保存监控数据到 data/monitoring/monitoring_20250524_184003.json
2025-05-24 18:40:03,832 [INFO] 已保存监控数据到 data/monitoring/monitoring_20250524_184003.json
2025-05-24 18:40:04,835 [INFO] 已保存监控数据到 data/monitoring/monitoring_20250524_184004.json
2025-05-24 18:40:04,837 [INFO] 已保存监控数据到 data/monitoring/monitoring_20250524_184004.json
2025-05-24 18:40:05,579 [INFO] 检测到威胁: SQL注入, 来源: 192.168.1.242, 严重性: 低, 操作: 监控
2025-05-24 18:40:05,840 [INFO] 已保存监控数据到 data/monitoring/monitoring_20250524_184005.json
2025-05-24 18:40:05,843 [INFO] 已保存监控数据到 data/monitoring/monitoring_20250524_184005.json
2025-05-24 18:40:06,847 [INFO] 已保存监控数据到 data/monitoring/monitoring_20250524_184006.json
2025-05-24 18:40:06,851 [INFO] 已保存监控数据到 data/monitoring/monitoring_20250524_184006.json
2025-05-24 18:40:07,853 [INFO] 已保存监控数据到 data/monitoring/monitoring_20250524_184007.json
2025-05-24 18:40:07,857 [INFO] 已保存监控数据到 data/monitoring/monitoring_20250524_184007.json
2025-05-24 18:40:08,859 [INFO] 已保存监控数据到 data/monitoring/monitoring_20250524_184008.json
2025-05-24 18:40:08,864 [INFO] 已保存监控数据到 data/monitoring/monitoring_20250524_184008.json
2025-05-24 18:40:09,865 [INFO] 已保存监控数据到 data/monitoring/monitoring_20250524_184009.json
2025-05-24 18:40:09,868 [INFO] 已保存监控数据到 data/monitoring/monitoring_20250524_184009.json
2025-05-24 18:40:10,579 [INFO] 检测到威胁: 端口扫描, 来源: 192.168.1.38, 严重性: 高, 操作: 监控
2025-05-24 18:40:10,580 [INFO] 处理告警: 异常流量, 严重性: 中, 来源: 192.168.1.237
2025-05-24 18:40:10,871 [INFO] 已保存监控数据到 data/monitoring/monitoring_20250524_184010.json
2025-05-24 18:40:10,875 [INFO] 已保存监控数据到 data/monitoring/monitoring_20250524_184010.json
2025-05-24 18:40:11,876 [INFO] 已保存监控数据到 data/monitoring/monitoring_20250524_184011.json
2025-05-24 18:40:11,879 [INFO] 已保存监控数据到 data/monitoring/monitoring_20250524_184011.json
2025-05-24 18:40:12,884 [INFO] 已保存监控数据到 data/monitoring/monitoring_20250524_184012.json
2025-05-24 18:40:12,884 [INFO] 已保存监控数据到 data/monitoring/monitoring_20250524_184012.json
2025-05-24 18:40:13,889 [INFO] 已保存监控数据到 data/monitoring/monitoring_20250524_184013.json
2025-05-24 18:40:13,890 [INFO] 已保存监控数据到 data/monitoring/monitoring_20250524_184013.json
2025-05-24 18:40:14,894 [INFO] 已保存监控数据到 data/monitoring/monitoring_20250524_184014.json
2025-05-24 18:40:14,896 [INFO] 已保存监控数据到 data/monitoring/monitoring_20250524_184014.json
2025-05-24 18:40:15,899 [INFO] 已保存监控数据到 data/monitoring/monitoring_20250524_184015.json
2025-05-24 18:40:15,903 [INFO] 已保存监控数据到 data/monitoring/monitoring_20250524_184015.json
2025-05-24 18:40:16,906 [INFO] 已保存监控数据到 data/monitoring/monitoring_20250524_184016.json
2025-05-24 18:40:16,909 [INFO] 已保存监控数据到 data/monitoring/monitoring_20250524_184016.json
2025-05-24 18:40:17,913 [INFO] 已保存监控数据到 data/monitoring/monitoring_20250524_184017.json
2025-05-24 18:40:17,918 [INFO] 已保存监控数据到 data/monitoring/monitoring_20250524_184017.json
2025-05-24 18:40:18,921 [INFO] 已保存监控数据到 data/monitoring/monitoring_20250524_184018.json
2025-05-24 18:40:18,925 [INFO] 已保存监控数据到 data/monitoring/monitoring_20250524_184018.json
2025-05-24 18:40:19,930 [INFO] 已保存监控数据到 data/monitoring/monitoring_20250524_184019.json
2025-05-24 18:40:19,935 [INFO] 已保存监控数据到 data/monitoring/monitoring_20250524_184019.json
2025-05-24 18:40:20,936 [INFO] 已保存监控数据到 data/monitoring/monitoring_20250524_184020.json
2025-05-24 18:40:20,938 [INFO] 已保存监控数据到 data/monitoring/monitoring_20250524_184020.json
2025-05-24 18:40:21,941 [INFO] 已保存监控数据到 data/monitoring/monitoring_20250524_184021.json
2025-05-24 18:40:21,945 [INFO] 已保存监控数据到 data/monitoring/monitoring_20250524_184021.json
2025-05-24 18:40:22,947 [INFO] 已保存监控数据到 data/monitoring/monitoring_20250524_184022.json
2025-05-24 18:40:22,952 [INFO] 已保存监控数据到 data/monitoring/monitoring_20250524_184022.json
2025-05-24 18:40:23,954 [INFO] 已保存监控数据到 data/monitoring/monitoring_20250524_184023.json
2025-05-24 18:40:23,958 [INFO] 已保存监控数据到 data/monitoring/monitoring_20250524_184023.json
2025-05-24 18:40:24,960 [INFO] 已保存监控数据到 data/monitoring/monitoring_20250524_184024.json
2025-05-24 18:40:24,963 [INFO] 已保存监控数据到 data/monitoring/monitoring_20250524_184024.json
2025-05-24 18:40:25,966 [INFO] 已保存监控数据到 data/monitoring/monitoring_20250524_184025.json
2025-05-24 18:40:25,971 [INFO] 已保存监控数据到 data/monitoring/monitoring_20250524_184025.json
2025-05-24 18:40:26,971 [INFO] 已保存监控数据到 data/monitoring/monitoring_20250524_184026.json
2025-05-24 18:40:26,975 [INFO] 已保存监控数据到 data/monitoring/monitoring_20250524_184026.json
2025-05-24 18:40:27,978 [INFO] 已保存监控数据到 data/monitoring/monitoring_20250524_184027.json
2025-05-24 18:40:27,982 [INFO] 已保存监控数据到 data/monitoring/monitoring_20250524_184027.json
2025-05-24 18:40:28,984 [INFO] 已保存监控数据到 data/monitoring/monitoring_20250524_184028.json
2025-05-24 18:40:28,987 [INFO] 已保存监控数据到 data/monitoring/monitoring_20250524_184028.json
2025-05-24 18:40:29,990 [INFO] 已保存监控数据到 data/monitoring/monitoring_20250524_184029.json
2025-05-24 18:40:29,994 [INFO] 已保存监控数据到 data/monitoring/monitoring_20250524_184029.json
2025-05-24 18:40:30,997 [INFO] 已保存监控数据到 data/monitoring/monitoring_20250524_184030.json
2025-05-24 18:40:31,001 [INFO] 已保存监控数据到 data/monitoring/monitoring_20250524_184030.json
2025-05-24 18:40:32,005 [INFO] 已保存监控数据到 data/monitoring/monitoring_20250524_184032.json
2025-05-24 18:40:32,009 [INFO] 已保存监控数据到 data/monitoring/monitoring_20250524_184032.json
2025-05-24 18:40:33,011 [INFO] 已保存监控数据到 data/monitoring/monitoring_20250524_184033.json
2025-05-24 18:40:33,022 [INFO] 已保存监控数据到 data/monitoring/monitoring_20250524_184033.json
2025-05-24 18:40:34,023 [INFO] 已保存监控数据到 data/monitoring/monitoring_20250524_184034.json
2025-05-24 18:40:34,027 [INFO] 已保存监控数据到 data/monitoring/monitoring_20250524_184034.json
2025-05-24 18:40:35,030 [INFO] 已保存监控数据到 data/monitoring/monitoring_20250524_184035.json
2025-05-24 18:40:35,032 [INFO] 已保存监控数据到 data/monitoring/monitoring_20250524_184035.json
2025-05-24 18:40:35,582 [INFO] 检测到威胁: 端口扫描, 来源: 192.168.1.135, 严重性: 高, 操作: 监控
2025-05-24 18:40:36,038 [INFO] 已保存监控数据到 data/monitoring/monitoring_20250524_184036.json
2025-05-24 18:40:36,043 [INFO] 已保存监控数据到 data/monitoring/monitoring_20250524_184036.json
2025-05-24 18:40:37,045 [INFO] 已保存监控数据到 data/monitoring/monitoring_20250524_184037.json
2025-05-24 18:40:37,049 [INFO] 已保存监控数据到 data/monitoring/monitoring_20250524_184037.json
2025-05-24 18:40:38,051 [INFO] 已保存监控数据到 data/monitoring/monitoring_20250524_184038.json
2025-05-24 18:40:38,053 [INFO] 已保存监控数据到 data/monitoring/monitoring_20250524_184038.json
2025-05-24 18:40:39,059 [INFO] 已保存监控数据到 data/monitoring/monitoring_20250524_184039.json
2025-05-24 18:40:39,063 [INFO] 已保存监控数据到 data/monitoring/monitoring_20250524_184039.json
2025-05-24 18:40:40,063 [INFO] 已保存监控数据到 data/monitoring/monitoring_20250524_184040.json
2025-05-24 18:40:40,068 [INFO] 已保存监控数据到 data/monitoring/monitoring_20250524_184040.json
2025-05-24 18:40:41,071 [INFO] 已保存监控数据到 data/monitoring/monitoring_20250524_184041.json
2025-05-24 18:40:41,075 [INFO] 已保存监控数据到 data/monitoring/monitoring_20250524_184041.json
2025-05-24 18:40:42,078 [INFO] 已保存监控数据到 data/monitoring/monitoring_20250524_184042.json
2025-05-24 18:40:42,083 [INFO] 已保存监控数据到 data/monitoring/monitoring_20250524_184042.json
2025-05-24 18:40:43,084 [INFO] 已保存监控数据到 data/monitoring/monitoring_20250524_184043.json
2025-05-24 18:40:43,088 [INFO] 已保存监控数据到 data/monitoring/monitoring_20250524_184043.json
2025-05-24 18:40:44,092 [INFO] 已保存监控数据到 data/monitoring/monitoring_20250524_184044.json
2025-05-24 18:40:44,097 [INFO] 已保存监控数据到 data/monitoring/monitoring_20250524_184044.json
2025-05-24 18:40:45,098 [INFO] 已保存监控数据到 data/monitoring/monitoring_20250524_184045.json
2025-05-24 18:40:45,102 [INFO] 已保存监控数据到 data/monitoring/monitoring_20250524_184045.json
2025-05-24 18:40:46,191 [INFO] 已保存监控数据到 data/monitoring/monitoring_20250524_184046.json
2025-05-24 18:40:46,199 [INFO] 已保存监控数据到 data/monitoring/monitoring_20250524_184046.json
2025-05-24 18:40:47,199 [INFO] 已保存监控数据到 data/monitoring/monitoring_20250524_184047.json
2025-05-24 18:40:47,202 [INFO] 已保存监控数据到 data/monitoring/monitoring_20250524_184047.json
2025-05-24 18:40:48,206 [INFO] 已保存监控数据到 data/monitoring/monitoring_20250524_184048.json
2025-05-24 18:40:48,211 [INFO] 已保存监控数据到 data/monitoring/monitoring_20250524_184048.json
2025-05-24 18:40:49,212 [INFO] 已保存监控数据到 data/monitoring/monitoring_20250524_184049.json
2025-05-24 18:40:49,214 [INFO] 已保存监控数据到 data/monitoring/monitoring_20250524_184049.json
2025-05-24 18:40:50,218 [INFO] 已保存监控数据到 data/monitoring/monitoring_20250524_184050.json
2025-05-24 18:40:50,222 [INFO] 已保存监控数据到 data/monitoring/monitoring_20250524_184050.json
2025-05-24 18:40:50,584 [INFO] 检测到威胁: 端口扫描, 来源: 192.168.1.231, 严重性: 高, 操作: 监控
2025-05-24 18:40:51,224 [INFO] 已保存监控数据到 data/monitoring/monitoring_20250524_184051.json
2025-05-24 18:40:51,228 [INFO] 已保存监控数据到 data/monitoring/monitoring_20250524_184051.json
2025-05-24 18:40:52,230 [INFO] 已保存监控数据到 data/monitoring/monitoring_20250524_184052.json
2025-05-24 18:40:52,233 [INFO] 已保存监控数据到 data/monitoring/monitoring_20250524_184052.json
2025-05-24 18:40:53,235 [INFO] 已保存监控数据到 data/monitoring/monitoring_20250524_184053.json
2025-05-24 18:40:53,239 [INFO] 已保存监控数据到 data/monitoring/monitoring_20250524_184053.json
2025-05-24 18:40:54,241 [INFO] 已保存监控数据到 data/monitoring/monitoring_20250524_184054.json
2025-05-24 18:40:54,245 [INFO] 已保存监控数据到 data/monitoring/monitoring_20250524_184054.json
2025-05-24 18:40:55,247 [INFO] 已保存监控数据到 data/monitoring/monitoring_20250524_184055.json
2025-05-24 18:40:55,250 [INFO] 已保存监控数据到 data/monitoring/monitoring_20250524_184055.json
2025-05-24 18:40:55,584 [INFO] 处理告警: 暴力破解, 严重性: 低, 来源: 192.168.1.254
2025-05-24 18:40:56,253 [INFO] 已保存监控数据到 data/monitoring/monitoring_20250524_184056.json
2025-05-24 18:40:56,256 [INFO] 已保存监控数据到 data/monitoring/monitoring_20250524_184056.json
2025-05-24 18:40:57,258 [INFO] 已保存监控数据到 data/monitoring/monitoring_20250524_184057.json
2025-05-24 18:40:57,261 [INFO] 已保存监控数据到 data/monitoring/monitoring_20250524_184057.json
2025-05-24 18:40:58,264 [INFO] 已保存监控数据到 data/monitoring/monitoring_20250524_184058.json
2025-05-24 18:40:58,267 [INFO] 已保存监控数据到 data/monitoring/monitoring_20250524_184058.json
2025-05-24 18:40:59,269 [INFO] 已保存监控数据到 data/monitoring/monitoring_20250524_184059.json
2025-05-24 18:40:59,273 [INFO] 已保存监控数据到 data/monitoring/monitoring_20250524_184059.json
2025-05-24 18:41:00,275 [INFO] 已保存监控数据到 data/monitoring/monitoring_20250524_184100.json
2025-05-24 18:41:00,280 [INFO] 已保存监控数据到 data/monitoring/monitoring_20250524_184100.json
2025-05-24 18:41:01,281 [INFO] 已保存监控数据到 data/monitoring/monitoring_20250524_184101.json
2025-05-24 18:41:01,285 [INFO] 已保存监控数据到 data/monitoring/monitoring_20250524_184101.json
2025-05-24 18:41:02,287 [INFO] 已保存监控数据到 data/monitoring/monitoring_20250524_184102.json
2025-05-24 18:41:02,291 [INFO] 已保存监控数据到 data/monitoring/monitoring_20250524_184102.json
2025-05-24 18:41:03,293 [INFO] 已保存监控数据到 data/monitoring/monitoring_20250524_184103.json
2025-05-24 18:41:03,297 [INFO] 已保存监控数据到 data/monitoring/monitoring_20250524_184103.json
2025-05-24 18:41:04,299 [INFO] 已保存监控数据到 data/monitoring/monitoring_20250524_184104.json
2025-05-24 18:41:04,303 [INFO] 已保存监控数据到 data/monitoring/monitoring_20250524_184104.json
2025-05-24 18:41:05,305 [INFO] 已保存监控数据到 data/monitoring/monitoring_20250524_184105.json
2025-05-24 18:41:05,309 [INFO] 已保存监控数据到 data/monitoring/monitoring_20250524_184105.json
2025-05-24 18:41:05,585 [INFO] 处理告警: 暴力破解, 严重性: 中, 来源: 192.168.1.150
2025-05-24 18:41:06,310 [INFO] 已保存监控数据到 data/monitoring/monitoring_20250524_184106.json
2025-05-24 18:41:06,317 [INFO] 已保存监控数据到 data/monitoring/monitoring_20250524_184106.json
2025-05-24 18:41:53,573 [INFO] 网络入侵检测与防御系统启动中...
2025-05-24 18:41:53,578 [INFO]  * Restarting with stat
2025-05-24 18:41:54,708 [INFO] 网络入侵检测与防御系统启动中...
2025-05-24 18:41:54,712 [WARNING]  * Debugger is active!
2025-05-24 18:41:54,717 [INFO]  * Debugger PIN: 135-649-420
2025-05-24 18:41:56,843 [INFO] 客户端已连接: dvKEgO2RdHtvSe3pAAAB
2025-05-24 18:41:57,720 [INFO] 流量捕获已启动，监听接口: 所有
2025-05-24 18:41:57,721 [INFO] 入侵防御已启动，模式: auto
2025-05-24 18:41:57,721 [INFO] 网络监控启动中
2025-05-24 18:41:57,721 [INFO] 告警系统已启动
2025-05-24 18:41:57,721 [INFO] 系统已启动
2025-05-24 18:41:57,722 [INFO] 网络监控已启动
2025-05-24 18:41:58,723 [INFO] 已保存监控数据到 data/monitoring/monitoring_20250524_184158.json
2025-05-24 18:41:59,725 [INFO] 已保存监控数据到 data/monitoring/monitoring_20250524_184159.json
2025-05-24 18:42:00,209 [INFO] 客户端已连接: ARP6PbqeozxiPZTJAAAD
2025-05-24 18:42:00,728 [INFO] 已保存监控数据到 data/monitoring/monitoring_20250524_184200.json
2025-05-24 18:42:01,730 [INFO] 已保存监控数据到 data/monitoring/monitoring_20250524_184201.json
2025-05-24 18:42:02,731 [INFO] 已保存监控数据到 data/monitoring/monitoring_20250524_184202.json
2025-05-24 18:42:03,736 [INFO] 已保存监控数据到 data/monitoring/monitoring_20250524_184203.json
2025-05-24 18:42:04,737 [INFO] 已保存监控数据到 data/monitoring/monitoring_20250524_184204.json
2025-05-24 18:42:05,740 [INFO] 已保存监控数据到 data/monitoring/monitoring_20250524_184205.json
2025-05-24 18:42:06,742 [INFO] 已保存监控数据到 data/monitoring/monitoring_20250524_184206.json
2025-05-24 18:42:07,745 [INFO] 已保存监控数据到 data/monitoring/monitoring_20250524_184207.json
2025-05-24 18:42:08,746 [INFO] 已保存监控数据到 data/monitoring/monitoring_20250524_184208.json
2025-05-24 18:42:09,749 [INFO] 已保存监控数据到 data/monitoring/monitoring_20250524_184209.json
2025-05-24 18:42:10,750 [INFO] 已保存监控数据到 data/monitoring/monitoring_20250524_184210.json
2025-05-24 18:42:11,756 [INFO] 已保存监控数据到 data/monitoring/monitoring_20250524_184211.json
2025-05-24 18:42:12,757 [INFO] 已保存监控数据到 data/monitoring/monitoring_20250524_184212.json
2025-05-24 18:42:13,760 [INFO] 已保存监控数据到 data/monitoring/monitoring_20250524_184213.json
2025-05-24 18:42:14,764 [INFO] 已保存监控数据到 data/monitoring/monitoring_20250524_184214.json
2025-05-24 18:42:15,765 [INFO] 已保存监控数据到 data/monitoring/monitoring_20250524_184215.json
2025-05-24 18:42:16,768 [INFO] 已保存监控数据到 data/monitoring/monitoring_20250524_184216.json
2025-05-24 18:42:17,723 [INFO] 检测到威胁: DDoS攻击, 来源: 192.168.1.184, 严重性: 高, 操作: 监控
2025-05-24 18:42:17,770 [INFO] 已保存监控数据到 data/monitoring/monitoring_20250524_184217.json
2025-05-24 18:42:18,772 [INFO] 已保存监控数据到 data/monitoring/monitoring_20250524_184218.json
2025-05-24 18:42:19,775 [INFO] 已保存监控数据到 data/monitoring/monitoring_20250524_184219.json
2025-05-24 18:42:20,776 [INFO] 已保存监控数据到 data/monitoring/monitoring_20250524_184220.json
2025-05-24 18:42:21,780 [INFO] 已保存监控数据到 data/monitoring/monitoring_20250524_184221.json
2025-05-24 18:42:22,724 [INFO] 处理告警: 暴力破解, 严重性: 低, 来源: 192.168.1.159
2025-05-24 18:42:22,782 [INFO] 已保存监控数据到 data/monitoring/monitoring_20250524_184222.json
2025-05-24 18:42:23,784 [INFO] 已保存监控数据到 data/monitoring/monitoring_20250524_184223.json
2025-05-24 18:42:24,786 [INFO] 已保存监控数据到 data/monitoring/monitoring_20250524_184224.json
2025-05-24 18:42:25,789 [INFO] 已保存监控数据到 data/monitoring/monitoring_20250524_184225.json
2025-05-24 18:42:26,794 [INFO] 已保存监控数据到 data/monitoring/monitoring_20250524_184226.json
2025-05-24 18:42:27,724 [INFO] 检测到威胁: SQL注入, 来源: 192.168.1.71, 严重性: 高, 操作: 监控
2025-05-24 18:42:27,724 [INFO] 处理告警: SQL注入攻击, 严重性: 高, 来源: 192.168.1.62
2025-05-24 18:42:27,798 [INFO] 已保存监控数据到 data/monitoring/monitoring_20250524_184227.json
2025-05-24 18:42:28,799 [INFO] 已保存监控数据到 data/monitoring/monitoring_20250524_184228.json
2025-05-24 18:42:29,583 [INFO] 客户端已连接: WvEfeUW01dXpCNS-AAAF
2025-05-24 18:42:29,803 [INFO] 已保存监控数据到 data/monitoring/monitoring_20250524_184229.json
2025-05-24 18:42:30,805 [INFO] 已保存监控数据到 data/monitoring/monitoring_20250524_184230.json
2025-05-24 18:42:31,807 [INFO] 已保存监控数据到 data/monitoring/monitoring_20250524_184231.json
2025-05-24 18:42:32,725 [INFO] 检测到威胁: 暴力破解, 来源: 192.168.1.54, 严重性: 低, 操作: 监控
2025-05-24 18:42:32,808 [INFO] 已保存监控数据到 data/monitoring/monitoring_20250524_184232.json
2025-05-24 18:42:33,812 [INFO] 已保存监控数据到 data/monitoring/monitoring_20250524_184233.json
2025-05-24 18:42:34,814 [INFO] 已保存监控数据到 data/monitoring/monitoring_20250524_184234.json
2025-05-24 18:42:35,815 [INFO] 已保存监控数据到 data/monitoring/monitoring_20250524_184235.json
2025-05-24 18:42:36,817 [INFO] 已保存监控数据到 data/monitoring/monitoring_20250524_184236.json
2025-05-24 18:42:37,820 [INFO] 已保存监控数据到 data/monitoring/monitoring_20250524_184237.json
2025-05-24 18:42:38,822 [INFO] 已保存监控数据到 data/monitoring/monitoring_20250524_184238.json
2025-05-24 18:42:39,826 [INFO] 已保存监控数据到 data/monitoring/monitoring_20250524_184239.json
2025-05-24 18:42:40,826 [INFO] 已保存监控数据到 data/monitoring/monitoring_20250524_184240.json
2025-05-24 18:42:41,832 [INFO] 客户端已断开连接: dvKEgO2RdHtvSe3pAAAB
2025-05-24 18:42:41,847 [INFO] 已保存监控数据到 data/monitoring/monitoring_20250524_184241.json
2025-05-24 18:42:42,848 [INFO] 已保存监控数据到 data/monitoring/monitoring_20250524_184242.json
2025-05-24 18:42:43,852 [INFO] 已保存监控数据到 data/monitoring/monitoring_20250524_184243.json
2025-05-24 18:42:44,854 [INFO] 已保存监控数据到 data/monitoring/monitoring_20250524_184244.json
2025-05-24 18:42:45,247 [INFO] 客户端已断开连接: ARP6PbqeozxiPZTJAAAD
2025-05-24 18:42:45,857 [INFO] 已保存监控数据到 data/monitoring/monitoring_20250524_184245.json
2025-05-24 18:42:46,858 [INFO] 已保存监控数据到 data/monitoring/monitoring_20250524_184246.json
2025-05-24 18:42:47,726 [INFO] 处理告警: XSS攻击, 严重性: 低, 来源: 192.168.1.50
2025-05-24 18:42:47,727 [INFO] 检测到威胁: 端口扫描, 来源: 192.168.1.182, 严重性: 中, 操作: 监控
2025-05-24 18:42:47,860 [INFO] 已保存监控数据到 data/monitoring/monitoring_20250524_184247.json
2025-05-24 18:42:48,862 [INFO] 已保存监控数据到 data/monitoring/monitoring_20250524_184248.json
2025-05-24 18:42:49,865 [INFO] 已保存监控数据到 data/monitoring/monitoring_20250524_184249.json
2025-05-24 18:42:50,869 [INFO] 已保存监控数据到 data/monitoring/monitoring_20250524_184250.json
2025-05-24 18:42:51,872 [INFO] 已保存监控数据到 data/monitoring/monitoring_20250524_184251.json
2025-05-24 18:42:52,873 [INFO] 已保存监控数据到 data/monitoring/monitoring_20250524_184252.json
2025-05-24 18:42:53,877 [INFO] 已保存监控数据到 data/monitoring/monitoring_20250524_184253.json
2025-05-24 18:42:54,878 [INFO] 已保存监控数据到 data/monitoring/monitoring_20250524_184254.json
2025-05-24 18:42:55,882 [INFO] 已保存监控数据到 data/monitoring/monitoring_20250524_184255.json
2025-05-24 18:42:56,885 [INFO] 已保存监控数据到 data/monitoring/monitoring_20250524_184256.json
2025-05-24 18:42:56,893 [INFO] 已保存监控数据到 data/monitoring/monitoring_20250524_184256.json
2025-05-24 18:42:57,727 [INFO] 检测到威胁: XSS攻击, 来源: 192.168.1.185, 严重性: 低, 操作: 监控
2025-05-24 18:42:57,894 [INFO] 已保存监控数据到 data/monitoring/monitoring_20250524_184257.json
2025-05-24 18:42:57,897 [INFO] 已保存监控数据到 data/monitoring/monitoring_20250524_184257.json
2025-05-24 18:42:58,898 [INFO] 已保存监控数据到 data/monitoring/monitoring_20250524_184258.json
2025-05-24 18:42:58,902 [INFO] 已保存监控数据到 data/monitoring/monitoring_20250524_184258.json
2025-05-24 18:42:59,905 [INFO] 已保存监控数据到 data/monitoring/monitoring_20250524_184259.json
2025-05-24 18:42:59,905 [INFO] 已保存监控数据到 data/monitoring/monitoring_20250524_184259.json
2025-05-24 18:43:00,911 [INFO] 已保存监控数据到 data/monitoring/monitoring_20250524_184300.json
2025-05-24 18:43:00,917 [INFO] 已保存监控数据到 data/monitoring/monitoring_20250524_184300.json
2025-05-24 18:43:39,522 [INFO] 网络入侵检测与防御系统启动中...
2025-05-24 18:43:39,526 [INFO]  * Restarting with stat
2025-05-24 18:43:40,549 [INFO] 网络入侵检测与防御系统启动中...
2025-05-24 18:43:40,557 [WARNING]  * Debugger is active!
2025-05-24 18:43:40,562 [INFO]  * Debugger PIN: 135-649-420
2025-05-24 18:43:42,763 [INFO] 客户端已连接: f9LpwRcg00HS-x8YAAAB
2025-05-24 18:43:46,599 [INFO] 客户端已断开连接: f9LpwRcg00HS-x8YAAAB
2025-05-24 18:43:46,842 [INFO] 客户端已连接: vRr9xxJsbHZXrlPHAAAD
2025-05-24 18:43:54,158 [INFO] 客户端已断开连接: vRr9xxJsbHZXrlPHAAAD
2025-05-24 18:43:54,748 [INFO] 客户端已连接: jKHy0j5bQOVx9B2YAAAF
2025-05-24 18:44:06,786 [INFO] 客户端已断开连接: jKHy0j5bQOVx9B2YAAAF
2025-05-24 18:48:34,457 [INFO] 网络入侵检测与防御系统启动中...
2025-05-24 18:48:34,463 [INFO]  * Restarting with stat
2025-05-24 18:48:35,533 [INFO] 网络入侵检测与防御系统启动中...
2025-05-24 18:48:35,538 [WARNING]  * Debugger is active!
2025-05-24 18:48:35,543 [INFO]  * Debugger PIN: 135-649-420
2025-05-24 18:48:37,801 [INFO] 客户端已连接: h3ymLnq2j4sHoPy7AAAB
2025-05-24 18:48:48,132 [INFO] 客户端已断开连接: h3ymLnq2j4sHoPy7AAAB
2025-05-24 18:48:48,801 [INFO] 客户端已连接: S7xghOE1eavaYGM6AAAD
2025-05-24 18:48:52,935 [INFO] 客户端已断开连接: S7xghOE1eavaYGM6AAAD
2025-05-24 18:48:53,623 [INFO] 客户端已连接: z-NqxaoG_VcDLxs-AAAF
2025-05-24 18:48:57,591 [INFO] 客户端已断开连接: z-NqxaoG_VcDLxs-AAAF
2025-05-24 18:48:58,197 [INFO] 客户端已连接: 1VuUhv74ZqrXQQvzAAAH
2025-05-24 18:49:03,707 [INFO] 客户端已断开连接: 1VuUhv74ZqrXQQvzAAAH
2025-05-24 18:49:04,311 [INFO] 客户端已连接: Hegx7VfiUWjhybxkAAAJ
2025-05-24 18:50:59,888 [INFO] 网络入侵检测与防御系统启动中...
2025-05-24 18:50:59,892 [INFO]  * Restarting with stat
2025-05-24 18:51:00,907 [INFO] 网络入侵检测与防御系统启动中...
2025-05-24 18:51:00,912 [WARNING]  * Debugger is active!
2025-05-24 18:51:00,918 [INFO]  * Debugger PIN: 135-649-420
2025-05-24 18:51:03,170 [INFO] 客户端已连接: Eosg9QNaptBP3NkcAAAB
2025-05-24 18:51:03,286 [INFO] 客户端已连接: iusHVrVrqawBcZcBAAAD
2025-05-24 18:51:09,854 [INFO] 客户端已断开连接: iusHVrVrqawBcZcBAAAD
2025-05-24 18:51:10,518 [INFO] 客户端已连接: Xw1C3dBUZtr9Y7TTAAAF
2025-05-24 18:51:35,371 [INFO] 客户端已断开连接: Xw1C3dBUZtr9Y7TTAAAF
2025-05-24 18:51:36,018 [INFO] 客户端已断开连接: Eosg9QNaptBP3NkcAAAB
2025-05-24 19:38:55,683 [INFO] 网络入侵检测与防御系统启动中...
2025-05-24 19:38:55,689 [INFO]  * Restarting with stat
2025-05-24 19:38:56,711 [INFO] 网络入侵检测与防御系统启动中...
2025-05-24 19:38:56,720 [WARNING]  * Debugger is active!
2025-05-24 19:38:56,724 [INFO]  * Debugger PIN: 135-649-420
2025-05-24 19:38:59,063 [INFO] 客户端已连接: -3koI7IfTOD7xqzWAAAB
2025-05-24 19:39:03,166 [INFO] 客户端已断开连接: -3koI7IfTOD7xqzWAAAB
2025-05-24 19:39:03,345 [INFO] 客户端已连接: OOTur_AwrPNxGGZjAAAD
2025-05-24 19:39:07,803 [INFO] 客户端已断开连接: OOTur_AwrPNxGGZjAAAD
2025-05-24 19:39:07,946 [INFO] 客户端已连接: kZ0jdDkzVARIXgovAAAF
2025-05-24 19:39:09,370 [INFO] 客户端已断开连接: kZ0jdDkzVARIXgovAAAF
2025-05-24 19:39:09,513 [INFO] 客户端已连接: PDNA_PTRbNgXNENgAAAH
2025-05-24 19:41:52,914 [INFO] 网络入侵检测与防御系统启动中...
2025-05-24 19:41:52,922 [INFO]  * Restarting with stat
2025-05-24 19:41:53,940 [INFO] 网络入侵检测与防御系统启动中...
2025-05-24 19:41:53,944 [WARNING]  * Debugger is active!
2025-05-24 19:41:53,948 [INFO]  * Debugger PIN: 135-649-420
2025-05-24 19:41:54,196 [INFO] 客户端已连接: oMKo4olmj0n1dByoAAAB
2025-05-24 19:42:03,400 [INFO] 客户端已断开连接: oMKo4olmj0n1dByoAAAB
2025-05-24 19:42:07,870 [INFO] 客户端已连接: F4-5ajlGy1bKB8o4AAAD
2025-05-24 19:42:09,765 [INFO] 流量捕获已启动，监听接口: 所有
2025-05-24 19:42:09,766 [INFO] 入侵防御已启动，模式: auto
2025-05-24 19:42:09,766 [INFO] 告警系统已启动
2025-05-24 19:42:09,767 [INFO] 网络监控启动中
2025-05-24 19:42:09,767 [INFO] 系统已启动
2025-05-24 19:42:09,768 [INFO] 网络监控已启动
2025-05-24 19:42:10,770 [INFO] 已保存监控数据到 data/monitoring/monitoring_20250524_194210.json
2025-05-24 19:42:11,772 [INFO] 已保存监控数据到 data/monitoring/monitoring_20250524_194211.json
2025-05-24 19:42:12,675 [INFO] 客户端已连接: jzCZ40WyMXzNkaEnAAAF
2025-05-24 19:42:12,773 [INFO] 已保存监控数据到 data/monitoring/monitoring_20250524_194212.json
2025-05-24 19:42:13,775 [INFO] 已保存监控数据到 data/monitoring/monitoring_20250524_194213.json
2025-05-24 19:42:14,778 [INFO] 已保存监控数据到 data/monitoring/monitoring_20250524_194214.json
2025-05-24 19:42:15,350 [INFO] 客户端已连接: Q7Bx1lVr0u-5PpDqAAAH
2025-05-24 19:42:15,781 [INFO] 已保存监控数据到 data/monitoring/monitoring_20250524_194215.json
2025-05-24 19:42:16,557 [INFO] 客户端已连接: MQ2WNcpRaq-jbBQvAAAJ
2025-05-24 19:42:16,783 [INFO] 已保存监控数据到 data/monitoring/monitoring_20250524_194216.json
2025-05-24 19:42:17,785 [INFO] 已保存监控数据到 data/monitoring/monitoring_20250524_194217.json
2025-05-24 19:42:18,785 [INFO] 已保存监控数据到 data/monitoring/monitoring_20250524_194218.json
2025-05-24 19:42:19,788 [INFO] 已保存监控数据到 data/monitoring/monitoring_20250524_194219.json
2025-05-24 19:42:20,790 [INFO] 已保存监控数据到 data/monitoring/monitoring_20250524_194220.json
2025-05-24 19:42:21,792 [INFO] 已保存监控数据到 data/monitoring/monitoring_20250524_194221.json
2025-05-24 19:42:22,802 [INFO] 已保存监控数据到 data/monitoring/monitoring_20250524_194222.json
2025-05-24 19:42:23,368 [INFO] 客户端已连接: onQS7VIHH30e5F-NAAAL
2025-05-24 19:42:23,804 [INFO] 已保存监控数据到 data/monitoring/monitoring_20250524_194223.json
2025-05-24 19:42:24,807 [INFO] 已保存监控数据到 data/monitoring/monitoring_20250524_194224.json
2025-05-24 19:42:25,807 [INFO] 已保存监控数据到 data/monitoring/monitoring_20250524_194225.json
2025-05-24 19:42:26,809 [INFO] 已保存监控数据到 data/monitoring/monitoring_20250524_194226.json
2025-05-24 19:42:27,811 [INFO] 已保存监控数据到 data/monitoring/monitoring_20250524_194227.json
2025-05-24 19:42:28,815 [INFO] 已保存监控数据到 data/monitoring/monitoring_20250524_194228.json
2025-05-24 19:42:29,818 [INFO] 已保存监控数据到 data/monitoring/monitoring_20250524_194229.json
2025-05-24 19:42:30,820 [INFO] 已保存监控数据到 data/monitoring/monitoring_20250524_194230.json
2025-05-24 19:42:31,822 [INFO] 已保存监控数据到 data/monitoring/monitoring_20250524_194231.json
2025-05-24 19:42:32,825 [INFO] 已保存监控数据到 data/monitoring/monitoring_20250524_194232.json
2025-05-24 19:42:33,825 [INFO] 已保存监控数据到 data/monitoring/monitoring_20250524_194233.json
2025-05-24 19:42:34,828 [INFO] 已保存监控数据到 data/monitoring/monitoring_20250524_194234.json
2025-05-24 19:42:35,830 [INFO] 已保存监控数据到 data/monitoring/monitoring_20250524_194235.json
2025-05-24 19:42:36,833 [INFO] 已保存监控数据到 data/monitoring/monitoring_20250524_194236.json
2025-05-24 19:42:37,929 [INFO] 已保存监控数据到 data/monitoring/monitoring_20250524_194237.json
2025-05-24 19:42:38,932 [INFO] 已保存监控数据到 data/monitoring/monitoring_20250524_194238.json
2025-05-24 19:42:39,935 [INFO] 已保存监控数据到 data/monitoring/monitoring_20250524_194239.json
2025-05-24 19:42:40,937 [INFO] 已保存监控数据到 data/monitoring/monitoring_20250524_194240.json
2025-05-24 19:42:41,939 [INFO] 已保存监控数据到 data/monitoring/monitoring_20250524_194241.json
2025-05-24 19:42:42,941 [INFO] 已保存监控数据到 data/monitoring/monitoring_20250524_194242.json
2025-05-24 19:42:43,944 [INFO] 已保存监控数据到 data/monitoring/monitoring_20250524_194243.json
2025-05-24 19:42:44,946 [INFO] 已保存监控数据到 data/monitoring/monitoring_20250524_194244.json
2025-05-24 19:42:45,948 [INFO] 已保存监控数据到 data/monitoring/monitoring_20250524_194245.json
2025-05-24 19:42:46,950 [INFO] 已保存监控数据到 data/monitoring/monitoring_20250524_194246.json
2025-05-24 19:42:47,953 [INFO] 已保存监控数据到 data/monitoring/monitoring_20250524_194247.json
2025-05-24 19:42:48,955 [INFO] 已保存监控数据到 data/monitoring/monitoring_20250524_194248.json
2025-05-24 19:42:49,769 [INFO] 处理告警: XSS攻击, 严重性: 低, 来源: 192.168.1.42
2025-05-24 19:42:49,957 [INFO] 已保存监控数据到 data/monitoring/monitoring_20250524_194249.json
2025-05-24 19:42:50,959 [INFO] 已保存监控数据到 data/monitoring/monitoring_20250524_194250.json
2025-05-24 19:42:51,961 [INFO] 已保存监控数据到 data/monitoring/monitoring_20250524_194251.json
2025-05-24 19:42:52,963 [INFO] 客户端已断开连接: F4-5ajlGy1bKB8o4AAAD
2025-05-24 19:42:52,965 [INFO] 已保存监控数据到 data/monitoring/monitoring_20250524_194252.json
2025-05-24 19:42:53,967 [INFO] 已保存监控数据到 data/monitoring/monitoring_20250524_194253.json
2025-05-24 19:42:54,969 [INFO] 已保存监控数据到 data/monitoring/monitoring_20250524_194254.json
2025-05-24 19:42:55,972 [INFO] 已保存监控数据到 data/monitoring/monitoring_20250524_194255.json
2025-05-24 19:42:56,972 [INFO] 已保存监控数据到 data/monitoring/monitoring_20250524_194256.json
2025-05-24 19:42:57,726 [INFO] 客户端已断开连接: jzCZ40WyMXzNkaEnAAAF
2025-05-24 19:42:57,975 [INFO] 已保存监控数据到 data/monitoring/monitoring_20250524_194257.json
2025-05-24 19:42:58,978 [INFO] 已保存监控数据到 data/monitoring/monitoring_20250524_194258.json
2025-05-24 19:42:59,983 [INFO] 已保存监控数据到 data/monitoring/monitoring_20250524_194259.json
2025-05-24 19:43:00,437 [INFO] 客户端已断开连接: Q7Bx1lVr0u-5PpDqAAAH
2025-05-24 19:43:03,334 [INFO] 网络入侵检测与防御系统启动中...
2025-05-24 19:43:03,343 [INFO]  * Restarting with stat
2025-05-24 19:43:04,355 [INFO] 网络入侵检测与防御系统启动中...
2025-05-24 19:43:04,361 [WARNING]  * Debugger is active!
2025-05-24 19:43:04,367 [INFO]  * Debugger PIN: 135-649-420
2025-05-24 19:43:06,457 [INFO] 客户端已连接: E9gAaGLNSU92sPiQAAAB
2025-05-24 19:43:07,161 [INFO] 客户端已连接: qpZSVJMsK1Me-C_0AAAD
2025-05-24 19:43:08,302 [INFO] 客户端已断开连接: E9gAaGLNSU92sPiQAAAB
2025-05-24 19:43:08,545 [INFO] 客户端已连接: c0AoF5Ub31--craSAAAF
2025-05-24 19:43:11,752 [INFO] 客户端已断开连接: c0AoF5Ub31--craSAAAF
2025-05-24 19:43:14,151 [INFO] 客户端已连接: nlAr0zo4Rw0EA54AAAAH
2025-05-24 19:43:21,123 [INFO] 客户端已断开连接: nlAr0zo4Rw0EA54AAAAH
2025-05-24 19:43:37,283 [INFO] 客户端已断开连接: qpZSVJMsK1Me-C_0AAAD
