2025-05-23 17:30:51,564 [INFO] 网络入侵检测与防御系统启动中...
2025-05-23 17:30:51,569 [INFO]  * Restarting with stat
2025-05-23 17:30:52,478 [INFO] 网络入侵检测与防御系统启动中...
2025-05-23 17:30:52,478 [WARNING]  * Debugger is active!
2025-05-23 17:30:52,478 [INFO]  * Debugger PIN: 104-858-001
2025-05-23 17:30:58,304 [INFO] 客户端已连接: JgxfKaJ8RLMiWQCZAAAB
2025-05-23 17:31:00,634 [INFO] 客户端已断开连接: JgxfKaJ8RLMiWQCZAAAB
2025-05-23 17:33:59,520 [INFO] 网络入侵检测与防御系统启动中...
2025-05-23 17:33:59,525 [INFO]  * Restarting with stat
2025-05-23 17:34:00,493 [INFO] 网络入侵检测与防御系统启动中...
2025-05-23 17:34:00,498 [WARNING]  * Debugger is active!
2025-05-23 17:34:00,503 [INFO]  * Debugger PIN: 104-858-001
2025-05-23 17:34:06,233 [INFO] 客户端已连接: -HJ7CNi3S4IPjK8KAAAC
2025-05-23 17:34:06,321 [INFO] 客户端已连接: yl_XH28R-uyHD9pqAAAD
2025-05-23 17:34:07,351 [INFO] 客户端已断开连接: -HJ7CNi3S4IPjK8KAAAC
2025-05-23 17:34:09,287 [INFO] 客户端已断开连接: yl_XH28R-uyHD9pqAAAD
2025-05-23 17:34:09,478 [INFO] 客户端已连接: Ii28oK3UfPSYq1inAAAF
2025-05-23 17:34:10,433 [INFO] 客户端已断开连接: Ii28oK3UfPSYq1inAAAF
2025-05-23 17:34:10,645 [INFO] 客户端已连接: RR_h2vVqrE_vxttqAAAH
2025-05-23 17:34:11,377 [INFO] 客户端已断开连接: RR_h2vVqrE_vxttqAAAH
2025-05-23 17:34:11,574 [INFO] 客户端已连接: wnZA4tzNqKRRHDG_AAAJ
2025-05-23 17:34:12,418 [INFO] 客户端已断开连接: wnZA4tzNqKRRHDG_AAAJ
2025-05-23 17:34:12,761 [INFO] 客户端已连接: vy--vnPJcl_lSueIAAAL
2025-05-23 17:34:15,428 [INFO] 客户端已断开连接: vy--vnPJcl_lSueIAAAL
2025-05-23 17:34:15,695 [INFO] 客户端已连接: M19i8vy94YuHc14KAAAN
2025-05-23 17:34:18,903 [INFO] 客户端已断开连接: M19i8vy94YuHc14KAAAN
2025-05-23 17:34:19,153 [INFO] 客户端已连接: tEKxS2OBqSzZUzGvAAAP
2025-05-23 17:34:22,332 [INFO] 客户端已断开连接: tEKxS2OBqSzZUzGvAAAP
2025-05-23 17:34:22,509 [INFO] 客户端已连接: 9HinF64OI5vccvnfAAAR
2025-05-23 17:34:23,285 [INFO] 流量捕获已启动，监听接口: 所有
2025-05-23 17:34:23,285 [INFO] 入侵防御已启动，模式: auto
2025-05-23 17:34:23,285 [INFO] 告警系统已启动
2025-05-23 17:34:23,285 [INFO] 系统已启动
2025-05-23 17:34:23,285 [INFO] 网络监控已启动
2025-05-23 17:34:24,292 [INFO] 已保存监控数据到 data/monitoring/monitoring_20250523_173424.json
2025-05-23 17:34:25,294 [INFO] 已保存监控数据到 data/monitoring/monitoring_20250523_173425.json
2025-05-23 17:34:26,296 [INFO] 已保存监控数据到 data/monitoring/monitoring_20250523_173426.json
2025-05-23 17:34:27,299 [INFO] 已保存监控数据到 data/monitoring/monitoring_20250523_173427.json
2025-05-23 17:34:28,302 [INFO] 已保存监控数据到 data/monitoring/monitoring_20250523_173428.json
2025-05-23 17:34:29,304 [INFO] 已保存监控数据到 data/monitoring/monitoring_20250523_173429.json
2025-05-23 17:34:30,193 [INFO] 客户端已连接: _kwtrFCn0xVI5AKiAAAT
2025-05-23 17:34:30,305 [INFO] 已保存监控数据到 data/monitoring/monitoring_20250523_173430.json
2025-05-23 17:34:31,308 [INFO] 已保存监控数据到 data/monitoring/monitoring_20250523_173431.json
2025-05-23 17:34:32,310 [INFO] 已保存监控数据到 data/monitoring/monitoring_20250523_173432.json
2025-05-23 17:34:33,312 [INFO] 已保存监控数据到 data/monitoring/monitoring_20250523_173433.json
2025-05-23 17:34:34,315 [INFO] 已保存监控数据到 data/monitoring/monitoring_20250523_173434.json
2025-05-23 17:34:35,316 [INFO] 已保存监控数据到 data/monitoring/monitoring_20250523_173435.json
2025-05-23 17:34:36,318 [INFO] 已保存监控数据到 data/monitoring/monitoring_20250523_173436.json
2025-05-23 17:34:37,321 [INFO] 已保存监控数据到 data/monitoring/monitoring_20250523_173437.json
2025-05-23 17:34:38,291 [INFO] 检测到威胁: 端口扫描, 来源: 192.168.1.246, 严重性: 中, 操作: 监控
2025-05-23 17:34:38,322 [INFO] 已保存监控数据到 data/monitoring/monitoring_20250523_173438.json
2025-05-23 17:34:39,324 [INFO] 已保存监控数据到 data/monitoring/monitoring_20250523_173439.json
2025-05-23 17:34:40,326 [INFO] 已保存监控数据到 data/monitoring/monitoring_20250523_173440.json
2025-05-23 17:34:41,327 [INFO] 已保存监控数据到 data/monitoring/monitoring_20250523_173441.json
2025-05-23 17:34:42,330 [INFO] 已保存监控数据到 data/monitoring/monitoring_20250523_173442.json
2025-05-23 17:34:43,331 [INFO] 已保存监控数据到 data/monitoring/monitoring_20250523_173443.json
2025-05-23 17:34:44,333 [INFO] 已保存监控数据到 data/monitoring/monitoring_20250523_173444.json
2025-05-23 17:34:45,335 [INFO] 已保存监控数据到 data/monitoring/monitoring_20250523_173445.json
2025-05-23 17:34:46,337 [INFO] 已保存监控数据到 data/monitoring/monitoring_20250523_173446.json
2025-05-23 17:34:47,339 [INFO] 已保存监控数据到 data/monitoring/monitoring_20250523_173447.json
2025-05-23 17:34:48,292 [INFO] 检测到威胁: SQL注入, 来源: 192.168.1.180, 严重性: 高, 操作: 监控
2025-05-23 17:34:48,341 [INFO] 已保存监控数据到 data/monitoring/monitoring_20250523_173448.json
2025-05-23 17:34:49,344 [INFO] 已保存监控数据到 data/monitoring/monitoring_20250523_173449.json
2025-05-23 17:34:50,347 [INFO] 已保存监控数据到 data/monitoring/monitoring_20250523_173450.json
2025-05-23 17:34:51,348 [INFO] 已保存监控数据到 data/monitoring/monitoring_20250523_173451.json
2025-05-23 17:34:52,351 [INFO] 已保存监控数据到 data/monitoring/monitoring_20250523_173452.json
2025-05-23 17:34:53,353 [INFO] 已保存监控数据到 data/monitoring/monitoring_20250523_173453.json
2025-05-23 17:34:54,355 [INFO] 已保存监控数据到 data/monitoring/monitoring_20250523_173454.json
2025-05-23 17:34:55,358 [INFO] 已保存监控数据到 data/monitoring/monitoring_20250523_173455.json
2025-05-23 17:34:56,360 [INFO] 已保存监控数据到 data/monitoring/monitoring_20250523_173456.json
2025-05-23 17:34:57,362 [INFO] 已保存监控数据到 data/monitoring/monitoring_20250523_173457.json
2025-05-23 17:34:58,363 [INFO] 已保存监控数据到 data/monitoring/monitoring_20250523_173458.json
2025-05-23 17:34:59,364 [INFO] 已保存监控数据到 data/monitoring/monitoring_20250523_173459.json
2025-05-23 17:35:00,368 [INFO] 已保存监控数据到 data/monitoring/monitoring_20250523_173500.json
2025-05-23 17:35:01,369 [INFO] 已保存监控数据到 data/monitoring/monitoring_20250523_173501.json
2025-05-23 17:35:02,371 [INFO] 已保存监控数据到 data/monitoring/monitoring_20250523_173502.json
2025-05-23 17:35:03,373 [INFO] 已保存监控数据到 data/monitoring/monitoring_20250523_173503.json
2025-05-23 17:35:04,377 [INFO] 已保存监控数据到 data/monitoring/monitoring_20250523_173504.json
2025-05-23 17:35:05,379 [INFO] 已保存监控数据到 data/monitoring/monitoring_20250523_173505.json
2025-05-23 17:35:06,381 [INFO] 已保存监控数据到 data/monitoring/monitoring_20250523_173506.json
2025-05-23 17:35:07,383 [INFO] 已保存监控数据到 data/monitoring/monitoring_20250523_173507.json
2025-05-23 17:35:07,527 [INFO] 客户端已断开连接: 9HinF64OI5vccvnfAAAR
2025-05-23 17:35:08,386 [INFO] 已保存监控数据到 data/monitoring/monitoring_20250523_173508.json
2025-05-23 17:35:09,388 [INFO] 已保存监控数据到 data/monitoring/monitoring_20250523_173509.json
2025-05-23 17:35:10,390 [INFO] 已保存监控数据到 data/monitoring/monitoring_20250523_173510.json
2025-05-23 17:35:11,391 [INFO] 已保存监控数据到 data/monitoring/monitoring_20250523_173511.json
2025-05-23 17:35:12,394 [INFO] 已保存监控数据到 data/monitoring/monitoring_20250523_173512.json
